Listening on port 3001
æ¨¡å—é…ç½®ä¿¡æ¯ç¼“å­˜å®Œæ¯•
æ•°æ®åº“é…ç½®ç¼“å­˜å®Œæ¯•
å­—æ®µé…ç½®ç¼“å­˜å®Œæ¯•
åŸºæœ¬ä¿¡æ¯ç¼“å­˜å®Œæ¯•
æ•°æ®å­—å…¸é…ç½®ç¼“å­˜å®Œæ¯•
APIé…ç½®ä¿¡æ¯ç¼“å­˜å®Œæ¯•
[0mGET / [36m302 [0m6.770 ms - 64[0m
[0mGET /noSession [36m304 [0m3.893 ms - -[0m
[0mGET /favicon.ico [36m304 [0m0.836 ms - -[0m
[0mGET /admin [36m304 [0m2.304 ms - -[0m
[0mGET /layuiadmin/layui/css/layui.css [36m304 [0m0.711 ms - -[0m
[0mGET /layuiadmin/style/admin.css [36m304 [0m1.313 ms - -[0m
[0mGET /layuiadmin/style/login.css [36m304 [0m0.996 ms - -[0m
[0mGET /layuiadmin/layui/layui.js [36m304 [0m1.112 ms - -[0m
[0mGET /layuiadmin/lib/index.js [36m304 [0m0.374 ms - -[0m
[0mGET /layuiadmin/config.js [36m304 [0m0.348 ms - -[0m
[0mGET /layuiadmin/layui/lay/modules/laytpl.js [36m304 [0m0.303 ms - -[0m
[0mGET /layuiadmin/layui/lay/modules/layer.js [36m304 [0m0.266 ms - -[0m
[0mGET /layuiadmin/layui/css/modules/layer/default/layer.css?v=3.1.1 [36m304 [0m0.478 ms - -[0m
[0mGET /layuiadmin/layui/lay/modules/jquery.js [36m304 [0m0.465 ms - -[0m
[0mGET /layuiadmin/layui/lay/modules/element.js [36m304 [0m0.375 ms - -[0m
[0mGET /layuiadmin/layui/lay/modules/util.js [36m304 [0m0.321 ms - -[0m
[0mGET /layuiadmin/lib/admin.js [36m304 [0m0.302 ms - -[0m
[0mGET /layuiadmin/lib/view.js [36m304 [0m0.306 ms - -[0m
[0mGET /layuiadmin/modules/common.js [36m304 [0m0.535 ms - -[0m
[0mGET /layuiadmin/modules/user.js [36m304 [0m0.482 ms - -[0m
[0mGET /layuiadmin/layui/lay/modules/form.js [36m304 [0m0.254 ms - -[0m
[0mGET /admin/login?account=admin&password=1 [36m304 [0m4.144 ms - -[0m
[0mGET / [32m200 [0m4.994 ms - 6349[0m
[0mGET /layuiadmin/layui/css/layui.css [36m304 [0m0.725 ms - -[0m
[0mGET /layuiadmin/style/admin.css [36m304 [0m0.761 ms - -[0m
[0mGET /layuiadmin/layui/layui.js [36m304 [0m0.917 ms - -[0m
[0mGET /help/index [36m304 [0m1.527 ms - -[0m
[0mGET /layuiadmin/lib/index.js [36m304 [0m0.307 ms - -[0m
[0mGET /layuiadmin/config.js [36m304 [0m0.396 ms - -[0m
[0mGET /layuiadmin/layui/css/layui.css [36m304 [0m0.219 ms - -[0m
[0mGET /layuiadmin/style/admin.css [36m304 [0m0.333 ms - -[0m
[0mGET /layuiadmin/layui/layui.js [36m304 [0m0.360 ms - -[0m
[0mGET /layuiadmin/lib/index.js [36m304 [0m0.307 ms - -[0m
[0mGET /layuiadmin/layui/lay/modules/laytpl.js [36m304 [0m0.331 ms - -[0m
[0mGET /layuiadmin/config.js [36m304 [0m0.285 ms - -[0m
[0mGET /layuiadmin/layui/lay/modules/layer.js [36m304 [0m0.402 ms - -[0m
[0mGET /layuiadmin/layui/lay/modules/laytpl.js [36m304 [0m0.415 ms - -[0m
[0mGET /layuiadmin/layui/css/modules/layer/default/layer.css?v=3.1.1 [36m304 [0m0.977 ms - -[0m
[0mGET /layuiadmin/layui/lay/modules/jquery.js [36m304 [0m0.637 ms - -[0m
[0mGET /layuiadmin/layui/lay/modules/layer.js [36m304 [0m0.415 ms - -[0m
[0mGET /layuiadmin/layui/css/modules/layer/default/layer.css?v=3.1.1 [36m304 [0m0.462 ms - -[0m
[0mGET /layuiadmin/layui/lay/modules/jquery.js [36m304 [0m0.439 ms - -[0m
[0mGET /layuiadmin/layui/lay/modules/element.js [36m304 [0m0.266 ms - -[0m
[0mGET /layuiadmin/layui/lay/modules/util.js [36m304 [0m0.283 ms - -[0m
[0mGET /layuiadmin/layui/lay/modules/element.js [36m304 [0m0.301 ms - -[0m
[0mGET /layuiadmin/layui/lay/modules/util.js [36m304 [0m0.403 ms - -[0m
[0mGET /layuiadmin/lib/admin.js [36m304 [0m0.413 ms - -[0m
[0mGET /layuiadmin/lib/admin.js [36m304 [0m0.262 ms - -[0m
[0mGET /layuiadmin/lib/view.js [36m304 [0m0.228 ms - -[0m
[0mGET /layuiadmin/lib/view.js [36m304 [0m0.300 ms - -[0m
[0mGET /layuiadmin/modules/common.js [36m304 [0m0.342 ms - -[0m
[0mGET /layuiadmin/modules/common.js [36m304 [0m0.306 ms - -[0m
[0mGET /monit/list [32m200 [0m1.317 ms - 4666[0m
[0mGET /layuiadmin/layui/css/layui.css [36m304 [0m0.565 ms - -[0m
[0mGET /layuiadmin/style/admin.css [36m304 [0m0.591 ms - -[0m
[0mGET /layuiadmin/layui/layui.js [36m304 [0m0.629 ms - -[0m
[0mGET /layuiadmin/lib/index.js [36m304 [0m0.257 ms - -[0m
[0mGET /layuiadmin/config.js [36m304 [0m0.236 ms - -[0m
[0mGET /layuiadmin/layui/lay/modules/laytpl.js [36m304 [0m0.248 ms - -[0m
[0mGET /layuiadmin/layui/lay/modules/layer.js [36m304 [0m0.239 ms - -[0m
[0mGET /layuiadmin/layui/css/modules/layer/default/layer.css?v=3.1.1 [36m304 [0m0.399 ms - -[0m
[0mGET /layuiadmin/layui/lay/modules/jquery.js [36m304 [0m0.422 ms - -[0m
[0mGET /layuiadmin/layui/lay/modules/element.js [36m304 [0m0.333 ms - -[0m
[0mGET /layuiadmin/layui/lay/modules/util.js [36m304 [0m0.305 ms - -[0m
[0mGET /layuiadmin/lib/admin.js [36m304 [0m0.245 ms - -[0m
[0mGET /layuiadmin/lib/view.js [36m304 [0m0.235 ms - -[0m
[0mGET /layuiadmin/modules/common.js [36m304 [0m0.398 ms - -[0m
[0mGET /layuiadmin/layui/lay/modules/table.js [36m304 [0m0.407 ms - -[0m
[0mGET /layuiadmin/layui/lay/modules/laypage.js [36m304 [0m0.248 ms - -[0m
[0mGET /layuiadmin/layui/lay/modules/form.js [36m304 [0m0.238 ms - -[0m
[0mGET /monit/searchList?page=1&limit=10 [32m200 [0m227.787 ms - 295[0m
[0mGET /help/index [36m304 [0m1.381 ms - -[0m
[0mGET /layuiadmin/layui/css/layui.css [36m304 [0m0.534 ms - -[0m
[0mGET /layuiadmin/style/admin.css [36m304 [0m0.545 ms - -[0m
[0mGET /layuiadmin/layui/layui.js [36m304 [0m0.588 ms - -[0m
[0mGET /layuiadmin/lib/index.js [36m304 [0m0.313 ms - -[0m
[0mGET /layuiadmin/config.js [36m304 [0m0.251 ms - -[0m
[0mGET /layuiadmin/layui/lay/modules/laytpl.js [36m304 [0m0.279 ms - -[0m
[0mGET /layuiadmin/layui/lay/modules/layer.js [36m304 [0m0.267 ms - -[0m
[0mGET /layuiadmin/layui/css/modules/layer/default/layer.css?v=3.1.1 [36m304 [0m0.384 ms - -[0m
[0mGET /layuiadmin/layui/lay/modules/jquery.js [36m304 [0m0.381 ms - -[0m
[0mGET /layuiadmin/layui/lay/modules/element.js [36m304 [0m0.328 ms - -[0m
[0mGET /layuiadmin/layui/lay/modules/util.js [36m304 [0m0.293 ms - -[0m
[0mGET /layuiadmin/lib/admin.js [36m304 [0m0.290 ms - -[0m
[0mGET /layuiadmin/lib/view.js [36m304 [0m0.250 ms - -[0m
[0mGET /layuiadmin/modules/common.js [36m304 [0m0.265 ms - -[0m
[0mGET /sys/execute?type=1 [36m304 [0m13.525 ms - -[0m
Listening on port 3001
æ¨¡å—é…ç½®ä¿¡æ¯ç¼“å­˜å®Œæ¯•
æ•°æ®åº“é…ç½®ç¼“å­˜å®Œæ¯•
å­—æ®µé…ç½®ç¼“å­˜å®Œæ¯•
åŸºæœ¬ä¿¡æ¯ç¼“å­˜å®Œæ¯•
æ•°æ®å­—å…¸é…ç½®ç¼“å­˜å®Œæ¯•
APIé…ç½®ä¿¡æ¯ç¼“å­˜å®Œæ¯•
[0mGET /monit/list [36m302 [0m6.982 ms - 64[0m
[0mGET /noSession [36m304 [0m3.537 ms - -[0m
[0mGET /project/list [36m302 [0m0.768 ms - 64[0m
[0mGET /noSession [36m304 [0m1.110 ms - -[0m
[0mGET /dbConfig/list [36m302 [0m0.992 ms - 64[0m
[0mGET /noSession [36m304 [0m1.278 ms - -[0m
[0mGET /admin [36m304 [0m2.055 ms - -[0m
[0mGET /layuiadmin/layui/css/layui.css [36m304 [0m1.188 ms - -[0m
[0mGET /layuiadmin/layui/layui.js [36m304 [0m0.759 ms - -[0m
[0mGET /layuiadmin/style/admin.css [36m304 [0m0.750 ms - -[0m
[0mGET /layuiadmin/style/login.css [36m304 [0m0.778 ms - -[0m
[0mGET /layuiadmin/lib/index.js [36m304 [0m0.341 ms - -[0m
[0mGET /layuiadmin/config.js [36m304 [0m0.306 ms - -[0m
[0mGET /layuiadmin/layui/lay/modules/laytpl.js [36m304 [0m0.267 ms - -[0m
[0mGET /layuiadmin/layui/lay/modules/layer.js [36m304 [0m0.292 ms - -[0m
[0mGET /layuiadmin/layui/css/modules/layer/default/layer.css?v=3.1.1 [36m304 [0m0.493 ms - -[0m
[0mGET /layuiadmin/layui/lay/modules/jquery.js [36m304 [0m0.510 ms - -[0m
[0mGET /layuiadmin/layui/lay/modules/element.js [36m304 [0m0.334 ms - -[0m
[0mGET /layuiadmin/layui/lay/modules/util.js [36m304 [0m0.325 ms - -[0m
[0mGET /layuiadmin/lib/admin.js [36m304 [0m0.310 ms - -[0m
[0mGET /layuiadmin/lib/view.js [36m304 [0m0.289 ms - -[0m
[0mGET /layuiadmin/modules/common.js [36m304 [0m0.307 ms - -[0m
[0mGET /layuiadmin/modules/user.js [36m304 [0m0.271 ms - -[0m
[0mGET /layuiadmin/layui/lay/modules/form.js [36m304 [0m0.276 ms - -[0m
[0mGET /admin [36m304 [0m1.262 ms - -[0m
[0mGET /layuiadmin/layui/css/layui.css [36m304 [0m0.803 ms - -[0m
[0mGET /layuiadmin/style/admin.css [36m304 [0m0.881 ms - -[0m
[0mGET /layuiadmin/style/login.css [36m304 [0m1.044 ms - -[0m
[0mGET /layuiadmin/layui/layui.js [36m304 [0m1.218 ms - -[0m
[0mGET /layuiadmin/lib/index.js [36m304 [0m0.315 ms - -[0m
[0mGET /layuiadmin/config.js [36m304 [0m0.276 ms - -[0m
[0mGET /layuiadmin/layui/lay/modules/laytpl.js [36m304 [0m0.313 ms - -[0m
[0mGET /layuiadmin/layui/lay/modules/layer.js [36m304 [0m0.246 ms - -[0m
[0mGET /layuiadmin/layui/css/modules/layer/default/layer.css?v=3.1.1 [36m304 [0m0.406 ms - -[0m
[0mGET /layuiadmin/layui/lay/modules/jquery.js [36m304 [0m0.417 ms - -[0m
[0mGET /layuiadmin/layui/lay/modules/element.js [36m304 [0m0.341 ms - -[0m
[0mGET /layuiadmin/layui/lay/modules/util.js [36m304 [0m0.259 ms - -[0m
[0mGET /layuiadmin/lib/admin.js [36m304 [0m0.290 ms - -[0m
[0mGET /layuiadmin/lib/view.js [36m304 [0m0.292 ms - -[0m
[0mGET /layuiadmin/modules/common.js [36m304 [0m0.291 ms - -[0m
[0mGET /layuiadmin/modules/user.js [36m304 [0m0.255 ms - -[0m
[0mGET /layuiadmin/layui/lay/modules/form.js [36m304 [0m0.292 ms - -[0m
[0mGET /admin/login?account=admin&password=1 [36m304 [0m3.390 ms - -[0m
[0mGET / [36m304 [0m1.685 ms - -[0m
[0mGET /layuiadmin/layui/css/layui.css [36m304 [0m0.582 ms - -[0m
[0mGET /layuiadmin/style/admin.css [36m304 [0m0.590 ms - -[0m
[0mGET /layuiadmin/layui/layui.js [36m304 [0m0.636 ms - -[0m
[0mGET /help/index [36m304 [0m1.509 ms - -[0m
[0mGET /layuiadmin/lib/index.js [36m304 [0m0.321 ms - -[0m
[0mGET /layuiadmin/config.js [36m304 [0m0.316 ms - -[0m
[0mGET /layuiadmin/layui/css/layui.css [36m304 [0m0.520 ms - -[0m
[0mGET /layuiadmin/style/admin.css [36m304 [0m0.550 ms - -[0m
[0mGET /layuiadmin/layui/layui.js [36m304 [0m0.586 ms - -[0m
[0mGET /layuiadmin/layui/lay/modules/laytpl.js [36m304 [0m3.024 ms - -[0m
[0mGET /layuiadmin/lib/index.js [36m304 [0m0.518 ms - -[0m
[0mGET /layuiadmin/layui/lay/modules/layer.js [36m304 [0m0.338 ms - -[0m
[0mGET /layuiadmin/config.js [36m304 [0m0.247 ms - -[0m
[0mGET /layuiadmin/layui/lay/modules/laytpl.js [36m304 [0m0.309 ms - -[0m
[0mGET /layuiadmin/layui/css/modules/layer/default/layer.css?v=3.1.1 [36m304 [0m0.237 ms - -[0m
[0mGET /layuiadmin/layui/lay/modules/jquery.js [36m304 [0m0.323 ms - -[0m
[0mGET /layuiadmin/layui/lay/modules/layer.js [36m304 [0m0.320 ms - -[0m
[0mGET /layuiadmin/layui/css/modules/layer/default/layer.css?v=3.1.1 [36m304 [0m0.414 ms - -[0m
[0mGET /layuiadmin/layui/lay/modules/jquery.js [36m304 [0m0.400 ms - -[0m
[0mGET /layuiadmin/layui/lay/modules/element.js [36m304 [0m0.282 ms - -[0m
[0mGET /layuiadmin/layui/lay/modules/util.js [36m304 [0m0.303 ms - -[0m
[0mGET /layuiadmin/layui/lay/modules/element.js [36m304 [0m0.421 ms - -[0m
[0mGET /layuiadmin/layui/lay/modules/util.js [36m304 [0m0.386 ms - -[0m
[0mGET /layuiadmin/lib/admin.js [36m304 [0m0.408 ms - -[0m
[0mGET /layuiadmin/lib/view.js [36m304 [0m0.301 ms - -[0m
[0mGET /layuiadmin/lib/admin.js [36m304 [0m0.267 ms - -[0m
[0mGET /layuiadmin/modules/common.js [36m304 [0m0.382 ms - -[0m
[0mGET /layuiadmin/lib/view.js [36m304 [0m0.419 ms - -[0m
[0mGET /layuiadmin/modules/common.js [36m304 [0m0.294 ms - -[0m
[0mGET /sys/execute?type=1 [36m304 [0m12.917 ms - -[0m
Listening on port 3001
æ¨¡å—é…ç½®ä¿¡æ¯ç¼“å­˜å®Œæ¯•
æ•°æ®åº“é…ç½®ç¼“å­˜å®Œæ¯•
å­—æ®µé…ç½®ç¼“å­˜å®Œæ¯•
[0mGET /monit/list [36m302 [0m7.767 ms - 64[0m
åŸºæœ¬ä¿¡æ¯ç¼“å­˜å®Œæ¯•
[0mGET /noSession [36m304 [0m5.559 ms - -[0m
æ•°æ®å­—å…¸é…ç½®ç¼“å­˜å®Œæ¯•
APIé…ç½®ä¿¡æ¯ç¼“å­˜å®Œæ¯•
[0mGET /dbConfig/list [36m302 [0m0.716 ms - 64[0m
[0mGET /noSession [36m304 [0m1.040 ms - -[0m
[0mGET /apiConfig/list [36m302 [0m0.793 ms - 64[0m
[0mGET /noSession [36m304 [0m0.913 ms - -[0m
[0mGET /admin [36m304 [0m1.967 ms - -[0m
[0mGET /layuiadmin/layui/css/layui.css [36m304 [0m1.048 ms - -[0m
[0mGET /layuiadmin/style/admin.css [36m304 [0m0.762 ms - -[0m
[0mGET /layuiadmin/style/login.css [36m304 [0m0.795 ms - -[0m
[0mGET /layuiadmin/layui/layui.js [36m304 [0m0.777 ms - -[0m
[0mGET /layuiadmin/lib/index.js [36m304 [0m0.324 ms - -[0m
[0mGET /layuiadmin/config.js [36m304 [0m0.330 ms - -[0m
[0mGET /layuiadmin/layui/lay/modules/laytpl.js [36m304 [0m0.298 ms - -[0m
[0mGET /layuiadmin/layui/lay/modules/layer.js [36m304 [0m0.333 ms - -[0m
[0mGET /layuiadmin/layui/css/modules/layer/default/layer.css?v=3.1.1 [36m304 [0m1.002 ms - -[0m
[0mGET /layuiadmin/layui/lay/modules/jquery.js [36m304 [0m0.499 ms - -[0m
[0mGET /layuiadmin/layui/lay/modules/element.js [36m304 [0m0.270 ms - -[0m
[0mGET /layuiadmin/layui/lay/modules/util.js [36m304 [0m0.266 ms - -[0m
[0mGET /layuiadmin/lib/admin.js [36m304 [0m0.306 ms - -[0m
[0mGET /layuiadmin/lib/view.js [36m304 [0m0.281 ms - -[0m
[0mGET /layuiadmin/modules/common.js [36m304 [0m0.307 ms - -[0m
[0mGET /layuiadmin/modules/user.js [36m304 [0m0.259 ms - -[0m
[0mGET /layuiadmin/layui/lay/modules/form.js [36m304 [0m0.312 ms - -[0m
[0mGET /admin [36m304 [0m1.451 ms - -[0m
[0mGET /layuiadmin/layui/css/layui.css [36m304 [0m0.797 ms - -[0m
[0mGET /layuiadmin/style/admin.css [36m304 [0m0.849 ms - -[0m
[0mGET /layuiadmin/style/login.css [36m304 [0m1.030 ms - -[0m
[0mGET /layuiadmin/layui/layui.js [36m304 [0m1.211 ms - -[0m
[0mGET /layuiadmin/lib/index.js [36m304 [0m0.301 ms - -[0m
[0mGET /layuiadmin/config.js [36m304 [0m0.328 ms - -[0m
[0mGET /layuiadmin/layui/lay/modules/laytpl.js [36m304 [0m0.277 ms - -[0m
[0mGET /layuiadmin/layui/lay/modules/layer.js [36m304 [0m0.299 ms - -[0m
[0mGET /layuiadmin/layui/css/modules/layer/default/layer.css?v=3.1.1 [36m304 [0m0.438 ms - -[0m
[0mGET /layuiadmin/layui/lay/modules/jquery.js [36m304 [0m0.446 ms - -[0m
[0mGET /layuiadmin/layui/lay/modules/element.js [36m304 [0m0.327 ms - -[0m
[0mGET /layuiadmin/layui/lay/modules/util.js [36m304 [0m0.305 ms - -[0m
[0mGET /layuiadmin/lib/admin.js [36m304 [0m0.260 ms - -[0m
[0mGET /layuiadmin/lib/view.js [36m304 [0m0.260 ms - -[0m
[0mGET /layuiadmin/modules/common.js [36m304 [0m0.403 ms - -[0m
[0mGET /layuiadmin/modules/user.js [36m304 [0m0.432 ms - -[0m
[0mGET /layuiadmin/layui/lay/modules/form.js [36m304 [0m0.282 ms - -[0m
[0mGET /admin/login?account=admin&password=1 [36m304 [0m4.052 ms - -[0m
[0mGET / [36m304 [0m3.246 ms - -[0m
[0mGET /layuiadmin/layui/css/layui.css [36m304 [0m0.651 ms - -[0m
[0mGET /layuiadmin/style/admin.css [36m304 [0m0.715 ms - -[0m
[0mGET /layuiadmin/layui/layui.js [36m304 [0m0.236 ms - -[0m
[0mGET /help/index [36m304 [0m2.100 ms - -[0m
[0mGET /layuiadmin/lib/index.js [36m304 [0m0.335 ms - -[0m
[0mGET /layuiadmin/config.js [36m304 [0m0.258 ms - -[0m
[0mGET /layuiadmin/layui/css/layui.css [36m304 [0m0.568 ms - -[0m
[0mGET /layuiadmin/style/admin.css [36m304 [0m0.582 ms - -[0m
[0mGET /layuiadmin/layui/layui.js [36m304 [0m0.601 ms - -[0m
[0mGET /layuiadmin/layui/lay/modules/laytpl.js [36m304 [0m0.280 ms - -[0m
[0mGET /layuiadmin/lib/index.js [36m304 [0m0.217 ms - -[0m
[0mGET /layuiadmin/config.js [36m304 [0m0.474 ms - -[0m
[0mGET /layuiadmin/layui/lay/modules/layer.js [36m304 [0m0.432 ms - -[0m
[0mGET /layuiadmin/layui/lay/modules/laytpl.js [36m304 [0m0.364 ms - -[0m
[0mGET /layuiadmin/layui/css/modules/layer/default/layer.css?v=3.1.1 [36m304 [0m0.491 ms - -[0m
[0mGET /layuiadmin/layui/lay/modules/jquery.js [36m304 [0m0.490 ms - -[0m
[0mGET /layuiadmin/layui/lay/modules/layer.js [36m304 [0m0.790 ms - -[0m
[0mGET /layuiadmin/layui/css/modules/layer/default/layer.css?v=3.1.1 [36m304 [0m0.424 ms - -[0m
[0mGET /layuiadmin/layui/lay/modules/jquery.js [36m304 [0m0.399 ms - -[0m
[0mGET /layuiadmin/layui/lay/modules/element.js [36m304 [0m0.321 ms - -[0m
[0mGET /layuiadmin/layui/lay/modules/element.js [36m304 [0m0.276 ms - -[0m
[0mGET /layuiadmin/layui/lay/modules/util.js [36m304 [0m0.291 ms - -[0m
[0mGET /layuiadmin/layui/lay/modules/util.js [36m304 [0m0.294 ms - -[0m
[0mGET /layuiadmin/lib/admin.js [32m200 [0m1.399 ms - 28920[0m
[0mGET /layuiadmin/lib/admin.js [36m304 [0m0.276 ms - -[0m
[0mGET /layuiadmin/lib/view.js [36m304 [0m0.256 ms - -[0m
[0mGET /layuiadmin/lib/view.js [36m304 [0m0.286 ms - -[0m
[0mGET /layuiadmin/modules/common.js [36m304 [0m0.370 ms - -[0m
[0mGET /layuiadmin/modules/common.js [36m304 [0m0.331 ms - -[0m
[0mGET /sys/execute?type=1 [36m304 [0m13.004 ms - -[0m
[0mGET /admin [36m302 [0m0.712 ms - 46[0m
[0mGET / [36m304 [0m1.863 ms - -[0m
[0mGET /layuiadmin/layui/css/layui.css [36m304 [0m0.973 ms - -[0m
[0mGET /layuiadmin/style/admin.css [36m304 [0m0.991 ms - -[0m
[0mGET /layuiadmin/layui/layui.js [36m304 [0m0.996 ms - -[0m
[0mGET /help/index [36m304 [0m1.548 ms - -[0m
[0mGET /layuiadmin/lib/index.js [36m304 [0m0.443 ms - -[0m
[0mGET /layuiadmin/config.js [36m304 [0m1.597 ms - -[0m
[0mGET /layuiadmin/layui/css/layui.css [36m304 [0m1.285 ms - -[0m
[0mGET /layuiadmin/style/admin.css [36m304 [0m1.326 ms - -[0m
[0mGET /layuiadmin/layui/layui.js [36m304 [0m1.277 ms - -[0m
[0mGET /layuiadmin/layui/lay/modules/laytpl.js [36m304 [0m0.332 ms - -[0m
[0mGET /layuiadmin/lib/index.js [36m304 [0m0.318 ms - -[0m
[0mGET /layuiadmin/config.js [36m304 [0m0.381 ms - -[0m
[0mGET /layuiadmin/layui/lay/modules/layer.js [36m304 [0m0.324 ms - -[0m
[0mGET /layuiadmin/layui/lay/modules/laytpl.js [36m304 [0m0.331 ms - -[0m
[0mGET /layuiadmin/layui/css/modules/layer/default/layer.css?v=3.1.1 [36m304 [0m0.623 ms - -[0m
[0mGET /layuiadmin/layui/lay/modules/jquery.js [36m304 [0m0.541 ms - -[0m
[0mGET /layuiadmin/layui/lay/modules/layer.js [36m304 [0m0.303 ms - -[0m
[0mGET /layuiadmin/layui/css/modules/layer/default/layer.css?v=3.1.1 [36m304 [0m0.597 ms - -[0m
[0mGET /layuiadmin/layui/lay/modules/jquery.js [36m304 [0m0.558 ms - -[0m
[0mGET /layuiadmin/layui/lay/modules/element.js [36m304 [0m0.819 ms - -[0m
[0mGET /layuiadmin/layui/lay/modules/element.js [36m304 [0m0.733 ms - -[0m
[0mGET /layuiadmin/layui/lay/modules/util.js [36m304 [0m0.376 ms - -[0m
[0mGET /layuiadmin/layui/lay/modules/util.js [36m304 [0m0.245 ms - -[0m
[0mGET /layuiadmin/lib/admin.js [36m304 [0m0.285 ms - -[0m
[0mGET /layuiadmin/lib/view.js [36m304 [0m0.477 ms - -[0m
[0mGET /layuiadmin/lib/admin.js [36m304 [0m0.567 ms - -[0m
[0mGET /layuiadmin/lib/view.js [36m304 [0m0.321 ms - -[0m
[0mGET /layuiadmin/modules/common.js [36m304 [0m0.426 ms - -[0m
[0mGET /layuiadmin/modules/common.js [36m304 [0m0.310 ms - -[0m
Listening on port 3001
æ¨¡å—é…ç½®ä¿¡æ¯ç¼“å­˜å®Œæ¯•
æ•°æ®åº“é…ç½®ç¼“å­˜å®Œæ¯•
å­—æ®µé…ç½®ç¼“å­˜å®Œæ¯•
åŸºæœ¬ä¿¡æ¯ç¼“å­˜å®Œæ¯•
æ•°æ®å­—å…¸é…ç½®ç¼“å­˜å®Œæ¯•
APIé…ç½®ä¿¡æ¯ç¼“å­˜å®Œæ¯•
[0mGET /monit/list [36m302 [0m7.180 ms - 64[0m
[0mGET /noSession [36m304 [0m3.707 ms - -[0m
[0mGET /project/list [36m302 [0m0.788 ms - 64[0m
[0mGET /noSession [36m304 [0m1.046 ms - -[0m
[0mGET /admin [32m200 [0m2.354 ms - 4585[0m
[0mGET /layuiadmin/layui/css/layui.css [36m304 [0m1.244 ms - -[0m
[0mGET /layuiadmin/style/admin.css [36m304 [0m1.153 ms - -[0m
[0mGET /layuiadmin/style/login.css [36m304 [0m1.031 ms - -[0m
[0mGET /layuiadmin/layui/layui.js [36m304 [0m1.323 ms - -[0m
[0mGET /layuiadmin/lib/index.js [36m304 [0m0.333 ms - -[0m
[0mGET /layuiadmin/config.js [36m304 [0m0.319 ms - -[0m
[0mGET /layuiadmin/layui/lay/modules/laytpl.js [36m304 [0m0.264 ms - -[0m
[0mGET /layuiadmin/layui/lay/modules/layer.js [36m304 [0m0.286 ms - -[0m
[0mGET /layuiadmin/layui/css/modules/layer/default/layer.css?v=3.1.1 [36m304 [0m0.483 ms - -[0m
[0mGET /layuiadmin/layui/lay/modules/jquery.js [36m304 [0m0.694 ms - -[0m
[0mGET /layuiadmin/layui/lay/modules/element.js [36m304 [0m0.344 ms - -[0m
[0mGET /layuiadmin/layui/lay/modules/util.js [36m304 [0m0.288 ms - -[0m
[0mGET /layuiadmin/lib/admin.js [36m304 [0m0.288 ms - -[0m
[0mGET /layuiadmin/lib/view.js [36m304 [0m0.264 ms - -[0m
[0mGET /layuiadmin/modules/common.js [36m304 [0m0.331 ms - -[0m
[0mGET /layuiadmin/modules/user.js [36m304 [0m0.275 ms - -[0m
[0mGET /layuiadmin/layui/lay/modules/form.js [36m304 [0m0.270 ms - -[0m
[0mGET /admin [36m304 [0m1.364 ms - -[0m
[0mGET /layuiadmin/layui/css/layui.css [36m304 [0m0.903 ms - -[0m
[0mGET /layuiadmin/style/admin.css [36m304 [0m0.856 ms - -[0m
[0mGET /layuiadmin/style/login.css [36m304 [0m0.876 ms - -[0m
[0mGET /layuiadmin/layui/layui.js [36m304 [0m0.923 ms - -[0m
[0mGET /layuiadmin/lib/index.js [36m304 [0m0.277 ms - -[0m
[0mGET /layuiadmin/config.js [36m304 [0m0.339 ms - -[0m
[0mGET /layuiadmin/layui/lay/modules/laytpl.js [36m304 [0m0.288 ms - -[0m
[0mGET /layuiadmin/layui/lay/modules/layer.js [36m304 [0m0.261 ms - -[0m
[0mGET /layuiadmin/layui/css/modules/layer/default/layer.css?v=3.1.1 [36m304 [0m0.411 ms - -[0m
[0mGET /layuiadmin/layui/lay/modules/jquery.js [36m304 [0m0.422 ms - -[0m
[0mGET /layuiadmin/layui/lay/modules/element.js [36m304 [0m0.325 ms - -[0m
[0mGET /layuiadmin/layui/lay/modules/util.js [36m304 [0m0.297 ms - -[0m
[0mGET /layuiadmin/lib/admin.js [36m304 [0m0.320 ms - -[0m
[0mGET /layuiadmin/lib/view.js [36m304 [0m0.302 ms - -[0m
[0mGET /layuiadmin/modules/common.js [36m304 [0m0.429 ms - -[0m
[0mGET /layuiadmin/modules/user.js [36m304 [0m0.426 ms - -[0m
[0mGET /layuiadmin/layui/lay/modules/form.js [36m304 [0m0.233 ms - -[0m
[0mGET /admin/login?account=admin&password=1 [36m304 [0m3.747 ms - -[0m
[0mGET / [36m304 [0m4.458 ms - -[0m
[0mGET /layuiadmin/layui/css/layui.css [36m304 [0m0.775 ms - -[0m
[0mGET /layuiadmin/style/admin.css [36m304 [0m0.738 ms - -[0m
[0mGET /layuiadmin/layui/layui.js [36m304 [0m0.791 ms - -[0m
[0mGET /help/index [36m304 [0m1.679 ms - -[0m
[0mGET /layuiadmin/lib/index.js [36m304 [0m0.414 ms - -[0m
[0mGET /layuiadmin/config.js [36m304 [0m0.336 ms - -[0m
[0mGET /layuiadmin/layui/css/layui.css [36m304 [0m1.256 ms - -[0m
[0mGET /layuiadmin/style/admin.css [36m304 [0m0.676 ms - -[0m
[0mGET /layuiadmin/layui/layui.js [36m304 [0m0.459 ms - -[0m
[0mGET /layuiadmin/layui/lay/modules/laytpl.js [36m304 [0m0.330 ms - -[0m
[0mGET /layuiadmin/lib/index.js [36m304 [0m0.320 ms - -[0m
[0mGET /layuiadmin/layui/lay/modules/layer.js [36m304 [0m0.315 ms - -[0m
[0mGET /layuiadmin/config.js [36m304 [0m0.271 ms - -[0m
[0mGET /layuiadmin/layui/css/modules/layer/default/layer.css?v=3.1.1 [36m304 [0m0.478 ms - -[0m
[0mGET /layuiadmin/layui/lay/modules/jquery.js [36m304 [0m0.692 ms - -[0m
[0mGET /layuiadmin/layui/lay/modules/laytpl.js [36m304 [0m0.484 ms - -[0m
[0mGET /layuiadmin/layui/lay/modules/layer.js [36m304 [0m0.391 ms - -[0m
[0mGET /layuiadmin/layui/css/modules/layer/default/layer.css?v=3.1.1 [36m304 [0m0.454 ms - -[0m
[0mGET /layuiadmin/layui/lay/modules/jquery.js [36m304 [0m0.575 ms - -[0m
[0mGET /layuiadmin/layui/lay/modules/element.js [36m304 [0m0.397 ms - -[0m
[0mGET /layuiadmin/layui/lay/modules/element.js [36m304 [0m0.340 ms - -[0m
[0mGET /layuiadmin/layui/lay/modules/util.js [36m304 [0m0.287 ms - -[0m
[0mGET /layuiadmin/layui/lay/modules/util.js [36m304 [0m0.302 ms - -[0m
[0mGET /layuiadmin/lib/admin.js [36m304 [0m0.328 ms - -[0m
[0mGET /layuiadmin/lib/view.js [36m304 [0m0.515 ms - -[0m
[0mGET /layuiadmin/lib/admin.js [36m304 [0m0.591 ms - -[0m
[0mGET /layuiadmin/modules/common.js [36m304 [0m0.549 ms - -[0m
[0mGET /layuiadmin/lib/view.js [36m304 [0m0.466 ms - -[0m
[0mGET /layuiadmin/modules/common.js [36m304 [0m0.276 ms - -[0m
[0mGET /sys/execute?type=1 [36m304 [0m13.040 ms - -[0m
[0mGET /admin [36m302 [0m0.691 ms - 46[0m
[0mGET / [36m304 [0m1.370 ms - -[0m
[0mGET /layuiadmin/layui/css/layui.css [36m304 [0m0.676 ms - -[0m
[0mGET /layuiadmin/style/admin.css [36m304 [0m0.667 ms - -[0m
[0mGET /layuiadmin/layui/layui.js [36m304 [0m0.832 ms - -[0m
[0mGET /help/index [36m304 [0m1.392 ms - -[0m
[0mGET /layuiadmin/lib/index.js [36m304 [0m0.249 ms - -[0m
[0mGET /layuiadmin/config.js [36m304 [0m0.376 ms - -[0m
[0mGET /layuiadmin/layui/css/layui.css [36m304 [0m0.538 ms - -[0m
[0mGET /layuiadmin/style/admin.css [36m304 [0m0.582 ms - -[0m
[0mGET /layuiadmin/layui/layui.js [36m304 [0m0.640 ms - -[0m
[0mGET /layuiadmin/layui/lay/modules/laytpl.js [36m304 [0m0.309 ms - -[0m
[0mGET /layuiadmin/lib/index.js [36m304 [0m0.347 ms - -[0m
[0mGET /layuiadmin/config.js [36m304 [0m1.066 ms - -[0m
[0mGET /layuiadmin/layui/lay/modules/layer.js [36m304 [0m0.433 ms - -[0m
[0mGET /layuiadmin/layui/lay/modules/laytpl.js [36m304 [0m0.313 ms - -[0m
[0mGET /layuiadmin/layui/css/modules/layer/default/layer.css?v=3.1.1 [36m304 [0m0.458 ms - -[0m
[0mGET /layuiadmin/layui/lay/modules/jquery.js [36m304 [0m0.466 ms - -[0m
[0mGET /layuiadmin/layui/lay/modules/layer.js [36m304 [0m0.255 ms - -[0m
[0mGET /layuiadmin/layui/css/modules/layer/default/layer.css?v=3.1.1 [36m304 [0m0.411 ms - -[0m
[0mGET /layuiadmin/layui/lay/modules/jquery.js [36m304 [0m0.443 ms - -[0m
[0mGET /layuiadmin/layui/lay/modules/element.js [36m304 [0m0.289 ms - -[0m
[0mGET /layuiadmin/layui/lay/modules/element.js [36m304 [0m0.347 ms - -[0m
[0mGET /layuiadmin/layui/lay/modules/util.js [36m304 [0m0.892 ms - -[0m
[0mGET /layuiadmin/layui/lay/modules/util.js [36m304 [0m0.298 ms - -[0m
[0mGET /layuiadmin/lib/admin.js [36m304 [0m0.337 ms - -[0m
[0mGET /layuiadmin/lib/admin.js [36m304 [0m0.297 ms - -[0m
[0mGET /layuiadmin/lib/view.js [36m304 [0m0.285 ms - -[0m
[0mGET /layuiadmin/lib/view.js [36m304 [0m0.256 ms - -[0m
[0mGET /layuiadmin/modules/common.js [36m304 [0m0.298 ms - -[0m
[0mGET /layuiadmin/modules/common.js [36m304 [0m0.297 ms - -[0m
Listening on port 3001
æ¨¡å—é…ç½®ä¿¡æ¯ç¼“å­˜å®Œæ¯•
æ•°æ®åº“é…ç½®ç¼“å­˜å®Œæ¯•
å­—æ®µé…ç½®ç¼“å­˜å®Œæ¯•
åŸºæœ¬ä¿¡æ¯ç¼“å­˜å®Œæ¯•
æ•°æ®å­—å…¸é…ç½®ç¼“å­˜å®Œæ¯•
APIé…ç½®ä¿¡æ¯ç¼“å­˜å®Œæ¯•
[0mGET /monit/list [36m302 [0m8.002 ms - 64[0m
[0mGET /noSession [36m304 [0m3.473 ms - -[0m
[0mGET /help/index [36m302 [0m0.804 ms - 64[0m
[0mGET /noSession [36m304 [0m1.167 ms - -[0m
[0mGET /admin [32m200 [0m2.229 ms - 4585[0m
[0mGET /layuiadmin/layui/css/layui.css [36m304 [0m1.455 ms - -[0m
[0mGET /layuiadmin/style/admin.css [36m304 [0m2.025 ms - -[0m
[0mGET /layuiadmin/style/login.css [36m304 [0m0.687 ms - -[0m
[0mGET /layuiadmin/layui/layui.js [36m304 [0m0.334 ms - -[0m
[0mGET /layuiadmin/lib/index.js [36m304 [0m0.322 ms - -[0m
[0mGET /layuiadmin/config.js [36m304 [0m0.428 ms - -[0m
[0mGET /layuiadmin/layui/lay/modules/laytpl.js [36m304 [0m0.274 ms - -[0m
[0mGET /layuiadmin/layui/lay/modules/layer.js [36m304 [0m0.287 ms - -[0m
[0mGET /layuiadmin/layui/css/modules/layer/default/layer.css?v=3.1.1 [36m304 [0m0.465 ms - -[0m
[0mGET /layuiadmin/layui/lay/modules/jquery.js [36m304 [0m0.476 ms - -[0m
[0mGET /layuiadmin/layui/lay/modules/element.js [36m304 [0m0.351 ms - -[0m
[0mGET /layuiadmin/layui/lay/modules/util.js [36m304 [0m0.313 ms - -[0m
[0mGET /layuiadmin/lib/admin.js [36m304 [0m0.278 ms - -[0m
[0mGET /layuiadmin/lib/view.js [36m304 [0m0.263 ms - -[0m
[0mGET /layuiadmin/modules/common.js [36m304 [0m0.418 ms - -[0m
[0mGET /layuiadmin/modules/user.js [36m304 [0m0.428 ms - -[0m
[0mGET /layuiadmin/layui/lay/modules/form.js [36m304 [0m0.273 ms - -[0m
[0mGET /admin [36m304 [0m1.363 ms - -[0m
[0mGET /layuiadmin/layui/css/layui.css [36m304 [0m0.618 ms - -[0m
[0mGET /layuiadmin/style/admin.css [36m304 [0m0.677 ms - -[0m
[0mGET /layuiadmin/style/login.css [36m304 [0m1.188 ms - -[0m
[0mGET /layuiadmin/layui/layui.js [36m304 [0m0.562 ms - -[0m
[0mGET /layuiadmin/lib/index.js [36m304 [0m0.417 ms - -[0m
[0mGET /layuiadmin/config.js [36m304 [0m0.291 ms - -[0m
[0mGET /layuiadmin/layui/lay/modules/laytpl.js [36m304 [0m0.291 ms - -[0m
[0mGET /layuiadmin/layui/lay/modules/layer.js [36m304 [0m0.258 ms - -[0m
[0mGET /layuiadmin/layui/css/modules/layer/default/layer.css?v=3.1.1 [36m304 [0m0.434 ms - -[0m
[0mGET /layuiadmin/layui/lay/modules/jquery.js [36m304 [0m0.426 ms - -[0m
[0mGET /layuiadmin/layui/lay/modules/element.js [36m304 [0m0.325 ms - -[0m
[0mGET /layuiadmin/layui/lay/modules/util.js [36m304 [0m0.307 ms - -[0m
[0mGET /layuiadmin/lib/admin.js [36m304 [0m0.284 ms - -[0m
[0mGET /layuiadmin/lib/view.js [36m304 [0m0.252 ms - -[0m
[0mGET /layuiadmin/modules/common.js [36m304 [0m0.399 ms - -[0m
[0mGET /layuiadmin/modules/user.js [36m304 [0m0.420 ms - -[0m
[0mGET /layuiadmin/layui/lay/modules/form.js [36m304 [0m0.279 ms - -[0m
[0mGET /admin/login?account=admin&password=1 [36m304 [0m3.088 ms - -[0m
[0mGET / [36m304 [0m2.001 ms - -[0m
[0mGET /layuiadmin/layui/css/layui.css [36m304 [0m0.583 ms - -[0m
[0mGET /layuiadmin/style/admin.css [36m304 [0m0.601 ms - -[0m
[0mGET /layuiadmin/layui/layui.js [36m304 [0m0.650 ms - -[0m
[0mGET /help/index [32m200 [0m1.504 ms - 8341[0m
[0mGET /layuiadmin/lib/index.js [36m304 [0m0.756 ms - -[0m
[0mGET /layuiadmin/layui/css/layui.css [36m304 [0m0.767 ms - -[0m
[0mGET /layuiadmin/style/admin.css [36m304 [0m0.806 ms - -[0m
[0mGET /layuiadmin/layui/layui.js [36m304 [0m0.877 ms - -[0m
[0mGET /layuiadmin/config.js [36m304 [0m0.311 ms - -[0m
[0mGET /layuiadmin/lib/index.js [36m304 [0m0.314 ms - -[0m
[0mGET /layuiadmin/config.js [36m304 [0m0.299 ms - -[0m
[0mGET /layuiadmin/layui/lay/modules/laytpl.js [36m304 [0m0.253 ms - -[0m
[0mGET /layuiadmin/layui/lay/modules/laytpl.js [36m304 [0m0.273 ms - -[0m
[0mGET /layuiadmin/layui/lay/modules/layer.js [36m304 [0m0.282 ms - -[0m
[0mGET /layuiadmin/layui/lay/modules/layer.js [36m304 [0m0.238 ms - -[0m
[0mGET /layuiadmin/layui/css/modules/layer/default/layer.css?v=3.1.1 [36m304 [0m0.487 ms - -[0m
[0mGET /layuiadmin/layui/lay/modules/jquery.js [36m304 [0m0.487 ms - -[0m
[0mGET /layuiadmin/layui/css/modules/layer/default/layer.css?v=3.1.1 [36m304 [0m0.345 ms - -[0m
[0mGET /layuiadmin/layui/lay/modules/jquery.js [36m304 [0m0.294 ms - -[0m
[0mGET /layuiadmin/layui/lay/modules/element.js [36m304 [0m0.324 ms - -[0m
[0mGET /layuiadmin/layui/lay/modules/element.js [36m304 [0m0.276 ms - -[0m
[0mGET /layuiadmin/layui/lay/modules/util.js [36m304 [0m0.265 ms - -[0m
[0mGET /layuiadmin/layui/lay/modules/util.js [36m304 [0m0.280 ms - -[0m
[0mGET /layuiadmin/lib/admin.js [36m304 [0m0.246 ms - -[0m
[0mGET /layuiadmin/lib/admin.js [36m304 [0m0.279 ms - -[0m
[0mGET /layuiadmin/lib/view.js [36m304 [0m0.219 ms - -[0m
[0mGET /layuiadmin/lib/view.js [36m304 [0m0.262 ms - -[0m
[0mGET /layuiadmin/modules/common.js [36m304 [0m0.345 ms - -[0m
[0mGET /layuiadmin/modules/common.js [36m304 [0m0.308 ms - -[0m
Listening on port 3001
æ¨¡å—é…ç½®ä¿¡æ¯ç¼“å­˜å®Œæ¯•
æ•°æ®åº“é…ç½®ç¼“å­˜å®Œæ¯•
å­—æ®µé…ç½®ç¼“å­˜å®Œæ¯•
åŸºæœ¬ä¿¡æ¯ç¼“å­˜å®Œæ¯•
æ•°æ®å­—å…¸é…ç½®ç¼“å­˜å®Œæ¯•
APIé…ç½®ä¿¡æ¯ç¼“å­˜å®Œæ¯•
Listening on port 3001
æ¨¡å—é…ç½®ä¿¡æ¯ç¼“å­˜å®Œæ¯•
æ•°æ®åº“é…ç½®ç¼“å­˜å®Œæ¯•
å­—æ®µé…ç½®ç¼“å­˜å®Œæ¯•
åŸºæœ¬ä¿¡æ¯ç¼“å­˜å®Œæ¯•
æ•°æ®å­—å…¸é…ç½®ç¼“å­˜å®Œæ¯•
APIé…ç½®ä¿¡æ¯ç¼“å­˜å®Œæ¯•
[0mGET / [36m302 [0m8.315 ms - 64[0m
[0mGET /noSession [32m200 [0m3.454 ms - 1812[0m
[0mGET /favicon.ico [36m304 [0m0.949 ms - -[0m
[0mGET /admin [32m200 [0m2.305 ms - 4585[0m
[0mGET /layuiadmin/layui/css/layui.css [36m304 [0m0.907 ms - -[0m
[0mGET /layuiadmin/style/admin.css [36m304 [0m0.934 ms - -[0m
[0mGET /layuiadmin/style/login.css [36m304 [0m0.745 ms - -[0m
[0mGET /layuiadmin/layui/layui.js [36m304 [0m0.556 ms - -[0m
[0mGET /layuiadmin/lib/index.js [36m304 [0m0.363 ms - -[0m
[0mGET /layuiadmin/config.js [36m304 [0m0.329 ms - -[0m
[0mGET /layuiadmin/layui/lay/modules/laytpl.js [36m304 [0m0.361 ms - -[0m
[0mGET /layuiadmin/layui/lay/modules/layer.js [36m304 [0m0.391 ms - -[0m
[0mGET /layuiadmin/layui/css/modules/layer/default/layer.css?v=3.1.1 [36m304 [0m0.507 ms - -[0m
[0mGET /layuiadmin/layui/lay/modules/jquery.js [36m304 [0m0.490 ms - -[0m
[0mGET /layuiadmin/layui/lay/modules/element.js [36m304 [0m0.403 ms - -[0m
[0mGET /layuiadmin/layui/lay/modules/util.js [36m304 [0m0.436 ms - -[0m
[0mGET /layuiadmin/lib/admin.js [36m304 [0m0.343 ms - -[0m
[0mGET /layuiadmin/lib/view.js [36m304 [0m0.423 ms - -[0m
[0mGET /layuiadmin/modules/common.js [36m304 [0m0.558 ms - -[0m
[0mGET /layuiadmin/modules/user.js [36m304 [0m0.464 ms - -[0m
[0mGET /layuiadmin/layui/lay/modules/form.js [36m304 [0m0.355 ms - -[0m
[0mGET /admin/login?account=admin&password=1 [36m304 [0m3.054 ms - -[0m
[0mGET /layuiadmin/layui/css/modules/layer/default/icon.png [36m304 [0m0.405 ms - -[0m
[0mGET / [32m200 [0m1.727 ms - 6409[0m
[0mGET /layuiadmin/layui/css/layui.css [36m304 [0m0.705 ms - -[0m
[0mGET /layuiadmin/style/admin.css [36m304 [0m0.689 ms - -[0m
[0mGET /layuiadmin/layui/layui.js [36m304 [0m0.742 ms - -[0m
[0mGET /help/index [36m304 [0m1.785 ms - -[0m
[0mGET /layuiadmin/lib/index.js [36m304 [0m0.369 ms - -[0m
[0mGET /layuiadmin/config.js [36m304 [0m0.368 ms - -[0m
[0mGET /layuiadmin/layui/css/layui.css [36m304 [0m0.599 ms - -[0m
[0mGET /layuiadmin/style/admin.css [36m304 [0m0.660 ms - -[0m
[0mGET /layuiadmin/layui/layui.js [36m304 [0m0.284 ms - -[0m
[0mGET /layuiadmin/lib/index.js [36m304 [0m0.363 ms - -[0m
[0mGET /layuiadmin/layui/lay/modules/laytpl.js [36m304 [0m0.752 ms - -[0m
[0mGET /layuiadmin/config.js [36m304 [0m0.571 ms - -[0m
[0mGET /layuiadmin/layui/lay/modules/layer.js [36m304 [0m0.434 ms - -[0m
[0mGET /layuiadmin/layui/lay/modules/laytpl.js [36m304 [0m0.399 ms - -[0m
[0mGET /layuiadmin/layui/css/modules/layer/default/layer.css?v=3.1.1 [36m304 [0m0.497 ms - -[0m
[0mGET /layuiadmin/layui/lay/modules/jquery.js [36m304 [0m1.239 ms - -[0m
[0mGET /layuiadmin/layui/lay/modules/layer.js [36m304 [0m0.725 ms - -[0m
[0mGET /layuiadmin/layui/css/modules/layer/default/layer.css?v=3.1.1 [36m304 [0m0.611 ms - -[0m
[0mGET /layuiadmin/layui/lay/modules/jquery.js [36m304 [0m0.630 ms - -[0m
[0mGET /layuiadmin/layui/lay/modules/element.js [36m304 [0m0.369 ms - -[0m
[0mGET /layuiadmin/layui/lay/modules/util.js [36m304 [0m0.321 ms - -[0m
[0mGET /layuiadmin/layui/lay/modules/element.js [36m304 [0m0.299 ms - -[0m
[0mGET /layuiadmin/layui/lay/modules/util.js [36m304 [0m0.446 ms - -[0m
[0mGET /layuiadmin/lib/admin.js [36m304 [0m0.440 ms - -[0m
[0mGET /layuiadmin/lib/admin.js [36m304 [0m0.313 ms - -[0m
[0mGET /layuiadmin/lib/view.js [36m304 [0m0.273 ms - -[0m
[0mGET /layuiadmin/lib/view.js [36m304 [0m0.395 ms - -[0m
[0mGET /layuiadmin/modules/common.js [36m304 [0m0.279 ms - -[0m
[0mGET /layuiadmin/modules/common.js [36m304 [0m0.372 ms - -[0m
[0mGET /sys/execute?type=1 [36m304 [0m15.060 ms - -[0m
[0mGET /admin [36m302 [0m0.742 ms - 46[0m
[0mGET / [36m304 [0m2.034 ms - -[0m
[0mGET /layuiadmin/layui/css/layui.css [36m304 [0m1.055 ms - -[0m
[0mGET /layuiadmin/style/admin.css [36m304 [0m0.991 ms - -[0m
[0mGET /layuiadmin/layui/layui.js [36m304 [0m1.114 ms - -[0m
[0mGET /help/index [36m304 [0m1.783 ms - -[0m
[0mGET /layuiadmin/lib/index.js [36m304 [0m0.362 ms - -[0m
[0mGET /layuiadmin/config.js [36m304 [0m0.402 ms - -[0m
[0mGET /layuiadmin/layui/css/layui.css [36m304 [0m0.689 ms - -[0m
[0mGET /layuiadmin/style/admin.css [36m304 [0m1.156 ms - -[0m
[0mGET /layuiadmin/layui/layui.js [36m304 [0m0.852 ms - -[0m
[0mGET /layuiadmin/lib/index.js [36m304 [0m0.338 ms - -[0m
[0mGET /layuiadmin/layui/lay/modules/laytpl.js [36m304 [0m0.297 ms - -[0m
[0mGET /layuiadmin/config.js [36m304 [0m0.397 ms - -[0m
[0mGET /layuiadmin/layui/lay/modules/layer.js [36m304 [0m0.366 ms - -[0m
[0mGET /layuiadmin/layui/lay/modules/laytpl.js [36m304 [0m0.328 ms - -[0m
[0mGET /layuiadmin/layui/css/modules/layer/default/layer.css?v=3.1.1 [36m304 [0m0.754 ms - -[0m
[0mGET /layuiadmin/layui/lay/modules/jquery.js [36m304 [0m0.773 ms - -[0m
[0mGET /layuiadmin/layui/lay/modules/layer.js [36m304 [0m0.386 ms - -[0m
[0mGET /layuiadmin/layui/css/modules/layer/default/layer.css?v=3.1.1 [36m304 [0m0.447 ms - -[0m
[0mGET /layuiadmin/layui/lay/modules/jquery.js [36m304 [0m0.522 ms - -[0m
[0mGET /layuiadmin/layui/lay/modules/element.js [36m304 [0m0.349 ms - -[0m
[0mGET /layuiadmin/layui/lay/modules/element.js [36m304 [0m0.329 ms - -[0m
[0mGET /layuiadmin/layui/lay/modules/util.js [36m304 [0m0.259 ms - -[0m
[0mGET /layuiadmin/layui/lay/modules/util.js [36m304 [0m0.281 ms - -[0m
[0mGET /layuiadmin/lib/admin.js [36m304 [0m0.408 ms - -[0m
[0mGET /layuiadmin/lib/admin.js [36m304 [0m0.299 ms - -[0m
[0mGET /layuiadmin/lib/view.js [36m304 [0m0.274 ms - -[0m
[0mGET /layuiadmin/lib/view.js [36m304 [0m0.350 ms - -[0m
[0mGET /layuiadmin/modules/common.js [36m304 [0m0.530 ms - -[0m
[0mGET /layuiadmin/modules/common.js [36m304 [0m0.329 ms - -[0m
Listening on port 3001
æ¨¡å—é…ç½®ä¿¡æ¯ç¼“å­˜å®Œæ¯•
æ•°æ®åº“é…ç½®ç¼“å­˜å®Œæ¯•
å­—æ®µé…ç½®ç¼“å­˜å®Œæ¯•
åŸºæœ¬ä¿¡æ¯ç¼“å­˜å®Œæ¯•
æ•°æ®å­—å…¸é…ç½®ç¼“å­˜å®Œæ¯•
APIé…ç½®ä¿¡æ¯ç¼“å­˜å®Œæ¯•
[0mGET /project/list [36m302 [0m6.997 ms - 64[0m
[0mGET /noSession [36m304 [0m4.133 ms - -[0m
[0mGET /admin [32m200 [0m2.761 ms - 4585[0m
[0mGET /layuiadmin/layui/css/layui.css [36m304 [0m1.173 ms - -[0m
[0mGET /layuiadmin/style/admin.css [36m304 [0m0.953 ms - -[0m
[0mGET /layuiadmin/style/login.css [36m304 [0m0.816 ms - -[0m
[0mGET /layuiadmin/layui/layui.js [36m304 [0m0.824 ms - -[0m
[0mGET /layuiadmin/lib/index.js [36m304 [0m0.344 ms - -[0m
[0mGET /layuiadmin/config.js [36m304 [0m0.284 ms - -[0m
[0mGET /layuiadmin/layui/lay/modules/laytpl.js [36m304 [0m0.326 ms - -[0m
[0mGET /layuiadmin/layui/lay/modules/layer.js [36m304 [0m0.327 ms - -[0m
[0mGET /layuiadmin/layui/css/modules/layer/default/layer.css?v=3.1.1 [36m304 [0m0.512 ms - -[0m
[0mGET /layuiadmin/layui/lay/modules/jquery.js [36m304 [0m0.531 ms - -[0m
[0mGET /layuiadmin/layui/lay/modules/element.js [36m304 [0m0.343 ms - -[0m
[0mGET /layuiadmin/layui/lay/modules/util.js [36m304 [0m0.350 ms - -[0m
[0mGET /layuiadmin/lib/admin.js [36m304 [0m0.322 ms - -[0m
[0mGET /layuiadmin/lib/view.js [36m304 [0m0.316 ms - -[0m
[0mGET /layuiadmin/modules/common.js [36m304 [0m0.335 ms - -[0m
[0mGET /layuiadmin/modules/user.js [36m304 [0m0.250 ms - -[0m
[0mGET /layuiadmin/layui/lay/modules/form.js [36m304 [0m0.430 ms - -[0m
[0mGET /admin [36m304 [0m1.576 ms - -[0m
[0mGET /layuiadmin/layui/css/layui.css [36m304 [0m1.084 ms - -[0m
[0mGET /layuiadmin/style/admin.css [36m304 [0m1.007 ms - -[0m
[0mGET /layuiadmin/style/login.css [36m304 [0m1.452 ms - -[0m
[0mGET /layuiadmin/layui/layui.js [36m304 [0m0.741 ms - -[0m
[0mGET /layuiadmin/lib/index.js [36m304 [0m0.290 ms - -[0m
[0mGET /layuiadmin/config.js [36m304 [0m0.293 ms - -[0m
[0mGET /layuiadmin/layui/lay/modules/laytpl.js [36m304 [0m0.261 ms - -[0m
[0mGET /layuiadmin/layui/lay/modules/layer.js [36m304 [0m0.258 ms - -[0m
[0mGET /layuiadmin/layui/css/modules/layer/default/layer.css?v=3.1.1 [36m304 [0m0.466 ms - -[0m
[0mGET /layuiadmin/layui/lay/modules/jquery.js [36m304 [0m0.437 ms - -[0m
[0mGET /layuiadmin/layui/lay/modules/element.js [36m304 [0m0.369 ms - -[0m
[0mGET /layuiadmin/layui/lay/modules/util.js [36m304 [0m0.337 ms - -[0m
[0mGET /layuiadmin/lib/admin.js [36m304 [0m0.443 ms - -[0m
[0mGET /layuiadmin/lib/view.js [36m304 [0m0.304 ms - -[0m
[0mGET /layuiadmin/modules/common.js [36m304 [0m0.534 ms - -[0m
[0mGET /layuiadmin/modules/user.js [36m304 [0m0.493 ms - -[0m
[0mGET /layuiadmin/layui/lay/modules/form.js [36m304 [0m0.429 ms - -[0m
[0mGET /admin/login?account=admin&password=1 [36m304 [0m3.782 ms - -[0m
[0mGET / [36m304 [0m1.897 ms - -[0m
[0mGET /layuiadmin/layui/css/layui.css [36m304 [0m0.344 ms - -[0m
[0mGET /layuiadmin/style/admin.css [36m304 [0m0.492 ms - -[0m
[0mGET /layuiadmin/layui/layui.js [36m304 [0m0.537 ms - -[0m
[0mGET /help/index [36m304 [0m1.635 ms - -[0m
[0mGET /layuiadmin/lib/index.js [36m304 [0m0.353 ms - -[0m
[0mGET /layuiadmin/config.js [36m304 [0m0.385 ms - -[0m
[0mGET /layuiadmin/layui/css/layui.css [36m304 [0m0.413 ms - -[0m
[0mGET /layuiadmin/style/admin.css [36m304 [0m0.468 ms - -[0m
[0mGET /layuiadmin/layui/layui.js [36m304 [0m0.310 ms - -[0m
[0mGET /layuiadmin/lib/index.js [36m304 [0m0.555 ms - -[0m
[0mGET /layuiadmin/layui/lay/modules/laytpl.js [36m304 [0m0.295 ms - -[0m
[0mGET /layuiadmin/config.js [36m304 [0m0.379 ms - -[0m
[0mGET /layuiadmin/layui/lay/modules/layer.js [36m304 [0m0.297 ms - -[0m
[0mGET /layuiadmin/layui/lay/modules/laytpl.js [36m304 [0m0.273 ms - -[0m
[0mGET /layuiadmin/layui/css/modules/layer/default/layer.css?v=3.1.1 [36m304 [0m3.271 ms - -[0m
[0mGET /layuiadmin/layui/lay/modules/jquery.js [36m304 [0m0.770 ms - -[0m
[0mGET /layuiadmin/layui/lay/modules/layer.js [36m304 [0m0.443 ms - -[0m
[0mGET /layuiadmin/layui/css/modules/layer/default/layer.css?v=3.1.1 [36m304 [0m0.561 ms - -[0m
[0mGET /layuiadmin/layui/lay/modules/jquery.js [36m304 [0m0.608 ms - -[0m
[0mGET /layuiadmin/layui/lay/modules/element.js [36m304 [0m0.323 ms - -[0m
[0mGET /layuiadmin/layui/lay/modules/element.js [36m304 [0m0.290 ms - -[0m
[0mGET /layuiadmin/layui/lay/modules/util.js [36m304 [0m0.380 ms - -[0m
[0mGET /layuiadmin/layui/lay/modules/util.js [36m304 [0m0.315 ms - -[0m
[0mGET /layuiadmin/lib/admin.js [36m304 [0m0.371 ms - -[0m
[0mGET /layuiadmin/lib/admin.js [36m304 [0m0.315 ms - -[0m
[0mGET /layuiadmin/lib/view.js [36m304 [0m0.284 ms - -[0m
[0mGET /layuiadmin/lib/view.js [36m304 [0m0.285 ms - -[0m
[0mGET /layuiadmin/modules/common.js [36m304 [0m0.266 ms - -[0m
[0mGET /layuiadmin/modules/common.js [36m304 [0m0.346 ms - -[0m
[0mGET / [36m304 [0m2.725 ms - -[0m
[0mGET /layuiadmin/layui/css/layui.css [36m304 [0m0.516 ms - -[0m
[0mGET /layuiadmin/style/admin.css [36m304 [0m0.351 ms - -[0m
[0mGET /layuiadmin/layui/layui.js [36m304 [0m0.280 ms - -[0m
[0mGET /help/index [36m304 [0m1.648 ms - -[0m
[0mGET /layuiadmin/lib/index.js [36m304 [0m0.351 ms - -[0m
[0mGET /layuiadmin/config.js [36m304 [0m0.373 ms - -[0m
[0mGET /layuiadmin/layui/css/layui.css [36m304 [0m0.801 ms - -[0m
[0mGET /layuiadmin/style/admin.css [36m304 [0m1.353 ms - -[0m
[0mGET /layuiadmin/layui/layui.js [36m304 [0m0.673 ms - -[0m
[0mGET /layuiadmin/lib/index.js [36m304 [0m0.395 ms - -[0m
[0mGET /layuiadmin/layui/lay/modules/laytpl.js [36m304 [0m0.261 ms - -[0m
[0mGET /layuiadmin/config.js [36m304 [0m0.423 ms - -[0m
[0mGET /layuiadmin/layui/lay/modules/layer.js [36m304 [0m0.269 ms - -[0m
[0mGET /layuiadmin/layui/lay/modules/laytpl.js [36m304 [0m0.317 ms - -[0m
[0mGET /layuiadmin/layui/css/modules/layer/default/layer.css?v=3.1.1 [36m304 [0m0.523 ms - -[0m
[0mGET /layuiadmin/layui/lay/modules/jquery.js [36m304 [0m0.627 ms - -[0m
[0mGET /layuiadmin/layui/lay/modules/layer.js [36m304 [0m1.067 ms - -[0m
[0mGET /layuiadmin/layui/css/modules/layer/default/layer.css?v=3.1.1 [36m304 [0m0.440 ms - -[0m
[0mGET /layuiadmin/layui/lay/modules/jquery.js [36m304 [0m0.444 ms - -[0m
[0mGET /layuiadmin/layui/lay/modules/element.js [36m304 [0m0.364 ms - -[0m
[0mGET /layuiadmin/layui/lay/modules/element.js [36m304 [0m0.331 ms - -[0m
[0mGET /layuiadmin/layui/lay/modules/util.js [36m304 [0m0.360 ms - -[0m
[0mGET /layuiadmin/layui/lay/modules/util.js [36m304 [0m0.310 ms - -[0m
[0mGET /layuiadmin/lib/admin.js [32m200 [0m1.427 ms - 29095[0m
[0mGET /layuiadmin/lib/admin.js [36m304 [0m0.302 ms - -[0m
[0mGET /layuiadmin/lib/view.js [36m304 [0m0.341 ms - -[0m
[0mGET /layuiadmin/lib/view.js [36m304 [0m0.322 ms - -[0m
[0mGET /layuiadmin/modules/common.js [36m304 [0m0.332 ms - -[0m
[0mGET /layuiadmin/modules/common.js [36m304 [0m0.403 ms - -[0m
[0mGET /favicon.ico [32m200 [0m0.623 ms - 1150[0m
[0mGET /sys/execute?type=1 [36m304 [0m14.242 ms - -[0m
Listening on port 3001
æ¨¡å—é…ç½®ä¿¡æ¯ç¼“å­˜å®Œæ¯•
æ•°æ®åº“é…ç½®ç¼“å­˜å®Œæ¯•
å­—æ®µé…ç½®ç¼“å­˜å®Œæ¯•
åŸºæœ¬ä¿¡æ¯ç¼“å­˜å®Œæ¯•
æ•°æ®å­—å…¸é…ç½®ç¼“å­˜å®Œæ¯•
APIé…ç½®ä¿¡æ¯ç¼“å­˜å®Œæ¯•
[0mGET /admin [36m304 [0m9.209 ms - -[0m
[0mGET /layuiadmin/layui/css/layui.css [36m304 [0m3.036 ms - -[0m
[0mGET /layuiadmin/style/admin.css [36m304 [0m2.547 ms - -[0m
[0mGET /layuiadmin/style/login.css [36m304 [0m2.770 ms - -[0m
[0mGET /layuiadmin/layui/layui.js [36m304 [0m0.461 ms - -[0m
[0mGET /layuiadmin/lib/index.js [36m304 [0m0.442 ms - -[0m
[0mGET /layuiadmin/config.js [36m304 [0m0.411 ms - -[0m
[0mGET /layuiadmin/layui/lay/modules/laytpl.js [36m304 [0m0.465 ms - -[0m
[0mGET /layuiadmin/layui/lay/modules/layer.js [36m304 [0m0.376 ms - -[0m
[0mGET /layuiadmin/layui/css/modules/layer/default/layer.css?v=3.1.1 [36m304 [0m0.545 ms - -[0m
[0mGET /layuiadmin/layui/lay/modules/jquery.js [36m304 [0m0.626 ms - -[0m
[0mGET /layuiadmin/layui/lay/modules/element.js [36m304 [0m1.264 ms - -[0m
[0mGET /layuiadmin/layui/lay/modules/util.js [36m304 [0m0.349 ms - -[0m
[0mGET /layuiadmin/lib/admin.js [36m304 [0m0.298 ms - -[0m
[0mGET /layuiadmin/lib/view.js [36m304 [0m0.293 ms - -[0m
[0mGET /layuiadmin/modules/common.js [36m304 [0m0.498 ms - -[0m
[0mGET /layuiadmin/modules/user.js [36m304 [0m0.468 ms - -[0m
[0mGET /layuiadmin/layui/lay/modules/form.js [36m304 [0m0.387 ms - -[0m
[0mGET /admin/login?account=admin&password=1 [36m304 [0m3.642 ms - -[0m
[0mGET / [36m304 [0m1.912 ms - -[0m
[0mGET /layuiadmin/layui/css/layui.css [36m304 [0m0.738 ms - -[0m
[0mGET /layuiadmin/style/admin.css [36m304 [0m0.729 ms - -[0m
[0mGET /layuiadmin/layui/layui.js [36m304 [0m0.764 ms - -[0m
[0mGET /help/index [36m304 [0m1.725 ms - -[0m
[0mGET /layuiadmin/lib/index.js [36m304 [0m0.332 ms - -[0m
[0mGET /layuiadmin/config.js [36m304 [0m0.332 ms - -[0m
[0mGET /layuiadmin/layui/css/layui.css [36m304 [0m0.504 ms - -[0m
[0mGET /layuiadmin/style/admin.css [36m304 [0m0.831 ms - -[0m
[0mGET /layuiadmin/layui/layui.js [36m304 [0m0.515 ms - -[0m
[0mGET /layuiadmin/lib/index.js [36m304 [0m0.418 ms - -[0m
[0mGET /layuiadmin/layui/lay/modules/laytpl.js [36m304 [0m0.311 ms - -[0m
[0mGET /layuiadmin/config.js [36m304 [0m0.346 ms - -[0m
[0mGET /layuiadmin/layui/lay/modules/layer.js [36m304 [0m0.397 ms - -[0m
[0mGET /layuiadmin/layui/lay/modules/laytpl.js [36m304 [0m0.299 ms - -[0m
[0mGET /layuiadmin/layui/css/modules/layer/default/layer.css?v=3.1.1 [36m304 [0m0.724 ms - -[0m
[0mGET /layuiadmin/layui/lay/modules/jquery.js [36m304 [0m0.716 ms - -[0m
[0mGET /layuiadmin/layui/lay/modules/layer.js [36m304 [0m0.274 ms - -[0m
[0mGET /layuiadmin/layui/css/modules/layer/default/layer.css?v=3.1.1 [36m304 [0m0.528 ms - -[0m
[0mGET /layuiadmin/layui/lay/modules/jquery.js [36m304 [0m0.567 ms - -[0m
[0mGET /layuiadmin/layui/lay/modules/element.js [36m304 [0m0.341 ms - -[0m
[0mGET /layuiadmin/layui/lay/modules/element.js [36m304 [0m0.324 ms - -[0m
[0mGET /layuiadmin/layui/lay/modules/util.js [36m304 [0m0.304 ms - -[0m
[0mGET /layuiadmin/layui/lay/modules/util.js [36m304 [0m0.306 ms - -[0m
[0mGET /layuiadmin/lib/admin.js [36m304 [0m0.392 ms - -[0m
[0mGET /layuiadmin/lib/admin.js [36m304 [0m0.311 ms - -[0m
[0mGET /layuiadmin/lib/view.js [36m304 [0m0.382 ms - -[0m
[0mGET /layuiadmin/lib/view.js [36m304 [0m0.311 ms - -[0m
[0mGET /layuiadmin/modules/common.js [36m304 [0m0.395 ms - -[0m
[0mGET /layuiadmin/modules/common.js [36m304 [0m0.369 ms - -[0m
[0mGET /dbConfig/list [36m304 [0m1.661 ms - -[0m
[0mGET /layuiadmin/layui/css/layui.css [36m304 [0m0.721 ms - -[0m
[0mGET /layuiadmin/style/admin.css [36m304 [0m0.745 ms - -[0m
[0mGET /javascripts/basetable.js [36m304 [0m4.295 ms - -[0m
[0mGET /layuiadmin/layui/layui.js [36m304 [0m4.491 ms - -[0m
[0mGET /javascripts/jquery-3.3.1.min.js [36m304 [0m5.508 ms - -[0m
[0mGET /layuiadmin/lib/index.js [36m304 [0m0.348 ms - -[0m
[0mGET /layuiadmin/config.js [36m304 [0m0.322 ms - -[0m
[0mGET /layuiadmin/layui/lay/modules/laytpl.js [36m304 [0m0.381 ms - -[0m
[0mGET /layuiadmin/layui/lay/modules/layer.js [36m304 [0m0.387 ms - -[0m
[0mGET /layuiadmin/layui/css/modules/layer/default/layer.css?v=3.1.1 [36m304 [0m0.300 ms - -[0m
[0mGET /layuiadmin/layui/lay/modules/element.js [36m304 [0m0.270 ms - -[0m
[0mGET /layuiadmin/layui/lay/modules/util.js [36m304 [0m0.331 ms - -[0m
[0mGET /layuiadmin/lib/admin.js [36m304 [0m0.325 ms - -[0m
[0mGET /layuiadmin/lib/view.js [36m304 [0m0.289 ms - -[0m
[0mGET /layuiadmin/modules/common.js [36m304 [0m3.261 ms - -[0m
[0mGET /layuiadmin/layui/lay/modules/table.js [36m304 [0m3.259 ms - -[0m
[0mGET /layuiadmin/layui/lay/modules/laypage.js [36m304 [0m0.574 ms - -[0m
[0mGET /layuiadmin/layui/lay/modules/form.js [36m304 [0m0.306 ms - -[0m
[0mGET /layuiadmin/modules/myUtils.js [36m304 [0m0.764 ms - -[0m
[0mGET /base/searchList?page=1&limit=10&tableName=dbConfig [36m304 [0m4.431 ms - -[0m
[0mGET / [36m304 [0m2.618 ms - -[0m
[0mGET /layuiadmin/layui/css/layui.css [36m304 [0m0.611 ms - -[0m
[0mGET /layuiadmin/style/admin.css [36m304 [0m0.714 ms - -[0m
[0mGET /layuiadmin/layui/layui.js [36m304 [0m0.800 ms - -[0m
[0mGET /help/index [36m304 [0m1.920 ms - -[0m
[0mGET /layuiadmin/lib/index.js [36m304 [0m0.327 ms - -[0m
[0mGET /layuiadmin/config.js [36m304 [0m0.315 ms - -[0m
[0mGET /layuiadmin/layui/css/layui.css [36m304 [0m0.338 ms - -[0m
[0mGET /layuiadmin/style/admin.css [36m304 [0m0.350 ms - -[0m
[0mGET /layuiadmin/layui/layui.js [36m304 [0m0.284 ms - -[0m
[0mGET /layuiadmin/lib/index.js [36m304 [0m0.376 ms - -[0m
[0mGET /layuiadmin/layui/lay/modules/laytpl.js [36m304 [0m0.372 ms - -[0m
[0mGET /layuiadmin/config.js [36m304 [0m0.341 ms - -[0m
[0mGET /layuiadmin/layui/lay/modules/layer.js [36m304 [0m0.370 ms - -[0m
[0mGET /layuiadmin/layui/lay/modules/laytpl.js [36m304 [0m0.357 ms - -[0m
[0mGET /layuiadmin/layui/css/modules/layer/default/layer.css?v=3.1.1 [36m304 [0m0.504 ms - -[0m
[0mGET /layuiadmin/layui/lay/modules/jquery.js [36m304 [0m0.653 ms - -[0m
[0mGET /layuiadmin/layui/lay/modules/layer.js [36m304 [0m0.290 ms - -[0m
[0mGET /layuiadmin/layui/css/modules/layer/default/layer.css?v=3.1.1 [36m304 [0m0.428 ms - -[0m
[0mGET /layuiadmin/layui/lay/modules/jquery.js [36m304 [0m0.421 ms - -[0m
[0mGET /layuiadmin/layui/lay/modules/element.js [36m304 [0m0.267 ms - -[0m
[0mGET /layuiadmin/layui/lay/modules/element.js [36m304 [0m0.324 ms - -[0m
[0mGET /layuiadmin/layui/lay/modules/util.js [36m304 [0m0.281 ms - -[0m
[0mGET /layuiadmin/layui/lay/modules/util.js [36m304 [0m0.289 ms - -[0m
[0mGET /layuiadmin/lib/admin.js [32m200 [0m1.471 ms - 29212[0m
[0mGET /layuiadmin/lib/admin.js [36m304 [0m0.312 ms - -[0m
[0mGET /layuiadmin/lib/view.js [36m304 [0m0.307 ms - -[0m
[0mGET /layuiadmin/lib/view.js [36m304 [0m0.319 ms - -[0m
[0mGET /layuiadmin/modules/common.js [36m304 [0m0.331 ms - -[0m
[0mGET /layuiadmin/modules/common.js [36m304 [0m0.512 ms - -[0m
[0mGET /favicon.ico [32m200 [0m0.692 ms - 1150[0m
[0mGET /admin/logout [36m304 [0m0.874 ms - -[0m
[0mGET /admin [36m304 [0m2.025 ms - -[0m
[0mGET /layuiadmin/layui/css/layui.css [36m304 [0m0.971 ms - -[0m
[0mGET /layuiadmin/style/admin.css [36m304 [0m0.933 ms - -[0m
[0mGET /layuiadmin/style/login.css [36m304 [0m1.994 ms - -[0m
[0mGET /layuiadmin/layui/layui.js [36m304 [0m1.207 ms - -[0m
[0mGET /layuiadmin/lib/index.js [36m304 [0m0.412 ms - -[0m
[0mGET /layuiadmin/config.js [36m304 [0m0.364 ms - -[0m
[0mGET /layuiadmin/layui/lay/modules/laytpl.js [36m304 [0m0.421 ms - -[0m
[0mGET /layuiadmin/layui/lay/modules/layer.js [36m304 [0m0.349 ms - -[0m
[0mGET /layuiadmin/layui/css/modules/layer/default/layer.css?v=3.1.1 [36m304 [0m0.479 ms - -[0m
[0mGET /layuiadmin/layui/lay/modules/jquery.js [36m304 [0m0.433 ms - -[0m
[0mGET /layuiadmin/layui/lay/modules/element.js [36m304 [0m0.299 ms - -[0m
[0mGET /layuiadmin/layui/lay/modules/util.js [36m304 [0m0.298 ms - -[0m
[0mGET /layuiadmin/lib/admin.js [36m304 [0m0.302 ms - -[0m
[0mGET /layuiadmin/lib/view.js [36m304 [0m0.289 ms - -[0m
[0mGET /layuiadmin/modules/common.js [36m304 [0m0.492 ms - -[0m
[0mGET /layuiadmin/modules/user.js [36m304 [0m0.525 ms - -[0m
[0mGET /layuiadmin/layui/lay/modules/form.js [36m304 [0m0.341 ms - -[0m
[0mGET /admin/login?account=admin&password=1 [36m304 [0m3.007 ms - -[0m
[0mGET / [36m304 [0m1.328 ms - -[0m
[0mGET /layuiadmin/layui/css/layui.css [36m304 [0m0.716 ms - -[0m
[0mGET /layuiadmin/style/admin.css [36m304 [0m0.704 ms - -[0m
[0mGET /layuiadmin/layui/layui.js [36m304 [0m0.837 ms - -[0m
[0mGET /help/index [36m304 [0m1.251 ms - -[0m
[0mGET /layuiadmin/lib/index.js [36m304 [0m0.302 ms - -[0m
[0mGET /layuiadmin/config.js [36m304 [0m0.378 ms - -[0m
[0mGET /layuiadmin/layui/css/layui.css [36m304 [0m1.509 ms - -[0m
[0mGET /layuiadmin/style/admin.css [36m304 [0m0.976 ms - -[0m
[0mGET /layuiadmin/layui/layui.js [36m304 [0m0.978 ms - -[0m
[0mGET /layuiadmin/lib/index.js [36m304 [0m0.299 ms - -[0m
[0mGET /layuiadmin/layui/lay/modules/laytpl.js [36m304 [0m0.366 ms - -[0m
[0mGET /layuiadmin/config.js [36m304 [0m0.339 ms - -[0m
[0mGET /layuiadmin/layui/lay/modules/layer.js [36m304 [0m0.345 ms - -[0m
[0mGET /layuiadmin/layui/lay/modules/laytpl.js [36m304 [0m0.330 ms - -[0m
[0mGET /layuiadmin/layui/css/modules/layer/default/layer.css?v=3.1.1 [36m304 [0m0.547 ms - -[0m
[0mGET /layuiadmin/layui/lay/modules/jquery.js [36m304 [0m0.616 ms - -[0m
[0mGET /layuiadmin/layui/lay/modules/layer.js [36m304 [0m0.389 ms - -[0m
[0mGET /layuiadmin/layui/css/modules/layer/default/layer.css?v=3.1.1 [36m304 [0m1.047 ms - -[0m
[0mGET /layuiadmin/layui/lay/modules/jquery.js [36m304 [0m0.535 ms - -[0m
[0mGET /layuiadmin/layui/lay/modules/element.js [36m304 [0m0.402 ms - -[0m
[0mGET /layuiadmin/layui/lay/modules/element.js [36m304 [0m0.325 ms - -[0m
[0mGET /layuiadmin/layui/lay/modules/util.js [36m304 [0m0.311 ms - -[0m
[0mGET /layuiadmin/layui/lay/modules/util.js [36m304 [0m0.355 ms - -[0m
[0mGET /layuiadmin/lib/admin.js [36m304 [0m0.305 ms - -[0m
[0mGET /layuiadmin/lib/admin.js [36m304 [0m0.325 ms - -[0m
[0mGET /layuiadmin/lib/view.js [36m304 [0m0.344 ms - -[0m
[0mGET /layuiadmin/lib/view.js [36m304 [0m0.294 ms - -[0m
[0mGET /layuiadmin/modules/common.js [36m304 [0m0.348 ms - -[0m
[0mGET /layuiadmin/modules/common.js [36m304 [0m0.315 ms - -[0m
[0mGET /project/list [32m200 [0m1.610 ms - 10738[0m
[0mGET /layuiadmin/layui/css/layui.css [36m304 [0m0.402 ms - -[0m
[0mGET /layuiadmin/style/admin.css [36m304 [0m0.686 ms - -[0m
[0mGET /stylesheets/custom.css [36m304 [0m0.639 ms - -[0m
[0mGET /javascripts/jquery-3.3.1.min.js [36m304 [0m0.737 ms - -[0m
[0mGET /javascripts/basetable.js [36m304 [0m0.767 ms - -[0m
[0mGET /layuiadmin/layui/layui.js [36m304 [0m0.879 ms - -[0m
[0mGET /layuiadmin/lib/index.js [36m304 [0m0.305 ms - -[0m
[0mGET /layuiadmin/config.js [36m304 [0m0.292 ms - -[0m
[0mGET /layuiadmin/layui/lay/modules/laytpl.js [36m304 [0m0.350 ms - -[0m
[0mGET /layuiadmin/layui/lay/modules/layer.js [36m304 [0m0.407 ms - -[0m
[0mGET /layuiadmin/layui/css/modules/layer/default/layer.css?v=3.1.1 [36m304 [0m0.312 ms - -[0m
[0mGET /layuiadmin/layui/lay/modules/element.js [36m304 [0m0.257 ms - -[0m
[0mGET /layuiadmin/layui/lay/modules/util.js [36m304 [0m0.302 ms - -[0m
[0mGET /layuiadmin/lib/admin.js [36m304 [0m0.312 ms - -[0m
[0mGET /layuiadmin/lib/view.js [36m304 [0m0.259 ms - -[0m
[0mGET /layuiadmin/modules/common.js [36m304 [0m0.391 ms - -[0m
[0mGET /layuiadmin/layui/lay/modules/table.js [36m304 [0m0.344 ms - -[0m
[0mGET /layuiadmin/layui/lay/modules/laypage.js [36m304 [0m0.290 ms - -[0m
[0mGET /layuiadmin/layui/lay/modules/form.js [36m304 [0m0.273 ms - -[0m
[0mGET /project/initData [32m200 [0m3.169 ms - 377[0m
[0mGET / [36m304 [0m1.695 ms - -[0m
[0mGET /layuiadmin/layui/css/layui.css [36m304 [0m0.807 ms - -[0m
[0mGET /layuiadmin/style/admin.css [36m304 [0m0.758 ms - -[0m
[0mGET /layuiadmin/layui/layui.js [36m304 [0m0.340 ms - -[0m
[0mGET /help/index [36m304 [0m1.376 ms - -[0m
[0mGET /layuiadmin/lib/index.js [36m304 [0m0.355 ms - -[0m
[0mGET /layuiadmin/config.js [36m304 [0m0.438 ms - -[0m
[0mGET /layuiadmin/layui/css/layui.css [36m304 [0m0.573 ms - -[0m
[0mGET /layuiadmin/style/admin.css [36m304 [0m0.902 ms - -[0m
[0mGET /layuiadmin/layui/layui.js [36m304 [0m0.582 ms - -[0m
[0mGET /layuiadmin/layui/lay/modules/laytpl.js [36m304 [0m0.432 ms - -[0m
[0mGET /layuiadmin/lib/index.js [36m304 [0m0.332 ms - -[0m
[0mGET /layuiadmin/layui/lay/modules/layer.js [36m304 [0m0.344 ms - -[0m
[0mGET /layuiadmin/config.js [36m304 [0m0.211 ms - -[0m
[0mGET /layuiadmin/layui/css/modules/layer/default/layer.css?v=3.1.1 [36m304 [0m0.727 ms - -[0m
[0mGET /layuiadmin/layui/lay/modules/jquery.js [36m304 [0m0.646 ms - -[0m
[0mGET /layuiadmin/layui/lay/modules/laytpl.js [36m304 [0m0.301 ms - -[0m
[0mGET /layuiadmin/layui/lay/modules/layer.js [36m304 [0m0.330 ms - -[0m
[0mGET /layuiadmin/layui/lay/modules/element.js [36m304 [0m0.284 ms - -[0m
[0mGET /layuiadmin/layui/css/modules/layer/default/layer.css?v=3.1.1 [36m304 [0m0.851 ms - -[0m
[0mGET /layuiadmin/layui/lay/modules/jquery.js [36m304 [0m0.417 ms - -[0m
[0mGET /layuiadmin/layui/lay/modules/util.js [36m304 [0m0.368 ms - -[0m
[0mGET /layuiadmin/layui/lay/modules/element.js [36m304 [0m0.308 ms - -[0m
[0mGET /layuiadmin/layui/lay/modules/util.js [36m304 [0m0.429 ms - -[0m
[0mGET /layuiadmin/lib/admin.js [36m304 [0m0.463 ms - -[0m
[0mGET /layuiadmin/lib/view.js [36m304 [0m0.338 ms - -[0m
[0mGET /layuiadmin/lib/admin.js [36m304 [0m0.222 ms - -[0m
[0mGET /layuiadmin/modules/common.js [36m304 [0m0.432 ms - -[0m
[0mGET /layuiadmin/lib/view.js [36m304 [0m0.333 ms - -[0m
[0mGET /favicon.ico [32m200 [0m0.609 ms - 1150[0m
[0mGET /layuiadmin/modules/common.js [36m304 [0m0.366 ms - -[0m
[0mGET /project/list [32m200 [0m1.665 ms - 10654[0m
[0mGET /layuiadmin/layui/css/layui.css [36m304 [0m0.681 ms - -[0m
[0mGET /layuiadmin/style/admin.css [36m304 [0m0.756 ms - -[0m
[0mGET /stylesheets/custom.css [36m304 [0m1.593 ms - -[0m
[0mGET /javascripts/jquery-3.3.1.min.js [36m304 [0m0.812 ms - -[0m
[0mGET /javascripts/basetable.js [36m304 [0m1.252 ms - -[0m
[0mGET /layuiadmin/layui/layui.js [36m304 [0m0.693 ms - -[0m
[0mGET /layuiadmin/lib/index.js [36m304 [0m0.382 ms - -[0m
[0mGET /layuiadmin/config.js [36m304 [0m0.470 ms - -[0m
[0mGET /layuiadmin/layui/lay/modules/laytpl.js [36m304 [0m0.368 ms - -[0m
[0mGET /layuiadmin/layui/lay/modules/layer.js [36m304 [0m0.362 ms - -[0m
[0mGET /layuiadmin/layui/css/modules/layer/default/layer.css?v=3.1.1 [36m304 [0m0.307 ms - -[0m
[0mGET /layuiadmin/layui/lay/modules/element.js [36m304 [0m0.360 ms - -[0m
[0mGET /layuiadmin/layui/lay/modules/util.js [36m304 [0m0.366 ms - -[0m
[0mGET /layuiadmin/lib/admin.js [36m304 [0m0.307 ms - -[0m
[0mGET /layuiadmin/lib/view.js [36m304 [0m0.371 ms - -[0m
[0mGET /layuiadmin/modules/common.js [36m304 [0m0.410 ms - -[0m
[0mGET /layuiadmin/layui/lay/modules/table.js [36m304 [0m0.427 ms - -[0m
[0mGET /layuiadmin/layui/lay/modules/laypage.js [36m304 [0m0.278 ms - -[0m
[0mGET /layuiadmin/layui/lay/modules/form.js [36m304 [0m0.282 ms - -[0m
[0mGET /project/initData [36m304 [0m3.191 ms - -[0m
[0mGET /base/save?id=1&tableName=project&name=demo&path=E%3A%2Fdemo&host=127.0.0.1&user=root&password=root&kind=1&port=3306&database_=mycrm&url=http%3A%2F%2F127.0.0.1%3A8080%2Fwcb%2Fapi%2F&authToken=0d04e81b-8da6-4eff-a355-aef6c4e4b1ef&user_id=2 [32m200 [0m81.126 ms - 31[0m
åŸºæœ¬ä¿¡æ¯ç¼“å­˜å®Œæ¯•
[0mGET /project/initData [32m200 [0m2.876 ms - 377[0m
[0mGET /monit/list [32m200 [0m1.852 ms - 4666[0m
[0mGET /layuiadmin/layui/css/layui.css [36m304 [0m1.032 ms - -[0m
[0mGET /layuiadmin/style/admin.css [36m304 [0m0.953 ms - -[0m
[0mGET /layuiadmin/layui/layui.js [36m304 [0m2.070 ms - -[0m
[0mGET /layuiadmin/lib/index.js [36m304 [0m0.401 ms - -[0m
[0mGET /layuiadmin/config.js [36m304 [0m0.288 ms - -[0m
[0mGET /layuiadmin/layui/lay/modules/laytpl.js [36m304 [0m0.294 ms - -[0m
[0mGET /layuiadmin/layui/lay/modules/layer.js [36m304 [0m0.332 ms - -[0m
[0mGET /layuiadmin/layui/css/modules/layer/default/layer.css?v=3.1.1 [36m304 [0m0.587 ms - -[0m
[0mGET /layuiadmin/layui/lay/modules/jquery.js [36m304 [0m0.469 ms - -[0m
[0mGET /layuiadmin/layui/lay/modules/element.js [36m304 [0m0.291 ms - -[0m
[0mGET /layuiadmin/layui/lay/modules/util.js [36m304 [0m0.439 ms - -[0m
[0mGET /layuiadmin/lib/admin.js [36m304 [0m0.305 ms - -[0m
[0mGET /layuiadmin/lib/view.js [36m304 [0m0.303 ms - -[0m
[0mGET /layuiadmin/modules/common.js [36m304 [0m0.315 ms - -[0m
[0mGET /layuiadmin/layui/lay/modules/table.js [36m304 [0m0.339 ms - -[0m
[0mGET /layuiadmin/layui/lay/modules/laypage.js [36m304 [0m0.294 ms - -[0m
[0mGET /layuiadmin/layui/lay/modules/form.js [36m304 [0m0.370 ms - -[0m
[0mGET /monit/searchList?page=1&limit=10 [32m200 [0m266.666 ms - 297[0m
[0mGET /project/list [36m304 [0m2.014 ms - -[0m
[0mGET /layuiadmin/layui/css/layui.css [36m304 [0m0.726 ms - -[0m
[0mGET /layuiadmin/style/admin.css [36m304 [0m3.212 ms - -[0m
[0mGET /stylesheets/custom.css [36m304 [0m1.313 ms - -[0m
[0mGET /javascripts/jquery-3.3.1.min.js [36m304 [0m1.841 ms - -[0m
[0mGET /javascripts/basetable.js [36m304 [0m1.596 ms - -[0m
[0mGET /layuiadmin/layui/layui.js [36m304 [0m1.671 ms - -[0m
[0mGET /layuiadmin/lib/index.js [36m304 [0m0.326 ms - -[0m
[0mGET /layuiadmin/config.js [36m304 [0m0.300 ms - -[0m
[0mGET /layuiadmin/layui/lay/modules/laytpl.js [36m304 [0m0.313 ms - -[0m
[0mGET /layuiadmin/layui/lay/modules/layer.js [36m304 [0m0.311 ms - -[0m
[0mGET /layuiadmin/layui/css/modules/layer/default/layer.css?v=3.1.1 [36m304 [0m0.303 ms - -[0m
[0mGET /layuiadmin/layui/lay/modules/element.js [36m304 [0m0.304 ms - -[0m
[0mGET /layuiadmin/layui/lay/modules/util.js [36m304 [0m0.346 ms - -[0m
[0mGET /layuiadmin/lib/admin.js [36m304 [0m0.440 ms - -[0m
[0mGET /layuiadmin/lib/view.js [36m304 [0m0.322 ms - -[0m
[0mGET /layuiadmin/modules/common.js [36m304 [0m0.477 ms - -[0m
[0mGET /layuiadmin/layui/lay/modules/table.js [36m304 [0m0.453 ms - -[0m
[0mGET /layuiadmin/layui/lay/modules/laypage.js [36m304 [0m0.286 ms - -[0m
[0mGET /layuiadmin/layui/lay/modules/form.js [36m304 [0m0.248 ms - -[0m
[0mGET /project/initData [36m304 [0m3.336 ms - -[0m
[0mGET /project/list [36m304 [0m1.753 ms - -[0m
[0mGET /layuiadmin/layui/css/layui.css [36m304 [0m0.387 ms - -[0m
[0mGET /layuiadmin/style/admin.css [36m304 [0m0.566 ms - -[0m
[0mGET /stylesheets/custom.css [36m304 [0m0.959 ms - -[0m
[0mGET /javascripts/jquery-3.3.1.min.js [36m304 [0m0.924 ms - -[0m
[0mGET /javascripts/basetable.js [36m304 [0m1.069 ms - -[0m
[0mGET /layuiadmin/layui/layui.js [36m304 [0m1.180 ms - -[0m
[0mGET /layuiadmin/lib/index.js [36m304 [0m0.287 ms - -[0m
[0mGET /layuiadmin/config.js [36m304 [0m0.322 ms - -[0m
[0mGET /layuiadmin/layui/lay/modules/laytpl.js [36m304 [0m0.312 ms - -[0m
[0mGET /layuiadmin/layui/lay/modules/layer.js [36m304 [0m0.316 ms - -[0m
[0mGET /layuiadmin/layui/css/modules/layer/default/layer.css?v=3.1.1 [36m304 [0m2.075 ms - -[0m
[0mGET /layuiadmin/layui/lay/modules/element.js [36m304 [0m0.383 ms - -[0m
[0mGET /layuiadmin/layui/lay/modules/util.js [36m304 [0m0.295 ms - -[0m
[0mGET /layuiadmin/lib/admin.js [36m304 [0m0.319 ms - -[0m
[0mGET /layuiadmin/lib/view.js [36m304 [0m0.316 ms - -[0m
[0mGET /layuiadmin/modules/common.js [36m304 [0m0.365 ms - -[0m
[0mGET /layuiadmin/layui/lay/modules/table.js [36m304 [0m0.271 ms - -[0m
[0mGET /layuiadmin/layui/lay/modules/laypage.js [36m304 [0m0.662 ms - -[0m
[0mGET /layuiadmin/layui/lay/modules/form.js [36m304 [0m0.255 ms - -[0m
[0mGET /project/initData [36m304 [0m2.262 ms - -[0m
[0mGET / [36m304 [0m1.208 ms - -[0m
[0mGET /layuiadmin/layui/css/layui.css [36m304 [0m0.668 ms - -[0m
[0mGET /layuiadmin/style/admin.css [36m304 [0m0.707 ms - -[0m
[0mGET /layuiadmin/layui/layui.js [36m304 [0m0.790 ms - -[0m
[0mGET /help/index [36m304 [0m1.362 ms - -[0m
[0mGET /layuiadmin/lib/index.js [36m304 [0m0.300 ms - -[0m
[0mGET /layuiadmin/config.js [36m304 [0m0.256 ms - -[0m
[0mGET /layuiadmin/layui/css/layui.css [36m304 [0m0.463 ms - -[0m
[0mGET /layuiadmin/style/admin.css [36m304 [0m0.522 ms - -[0m
[0mGET /layuiadmin/layui/layui.js [36m304 [0m0.652 ms - -[0m
[0mGET /layuiadmin/lib/index.js [36m304 [0m0.337 ms - -[0m
[0mGET /layuiadmin/layui/lay/modules/laytpl.js [36m304 [0m0.356 ms - -[0m
[0mGET /layuiadmin/config.js [36m304 [0m0.291 ms - -[0m
[0mGET /layuiadmin/layui/lay/modules/layer.js [36m304 [0m0.315 ms - -[0m
[0mGET /layuiadmin/layui/lay/modules/laytpl.js [36m304 [0m0.318 ms - -[0m
[0mGET /layuiadmin/layui/css/modules/layer/default/layer.css?v=3.1.1 [36m304 [0m0.507 ms - -[0m
[0mGET /layuiadmin/layui/lay/modules/jquery.js [36m304 [0m0.475 ms - -[0m
[0mGET /layuiadmin/layui/lay/modules/layer.js [36m304 [0m0.373 ms - -[0m
[0mGET /layuiadmin/layui/css/modules/layer/default/layer.css?v=3.1.1 [36m304 [0m0.565 ms - -[0m
[0mGET /layuiadmin/layui/lay/modules/jquery.js [36m304 [0m0.581 ms - -[0m
[0mGET /layuiadmin/layui/lay/modules/element.js [36m304 [0m0.305 ms - -[0m
[0mGET /layuiadmin/layui/lay/modules/element.js [36m304 [0m0.350 ms - -[0m
[0mGET /layuiadmin/layui/lay/modules/util.js [36m304 [0m0.349 ms - -[0m
[0mGET /layuiadmin/layui/lay/modules/util.js [36m304 [0m0.293 ms - -[0m
[0mGET /layuiadmin/lib/admin.js [36m304 [0m0.336 ms - -[0m
[0mGET /layuiadmin/lib/admin.js [36m304 [0m0.296 ms - -[0m
[0mGET /layuiadmin/lib/view.js [36m304 [0m0.314 ms - -[0m
[0mGET /layuiadmin/lib/view.js [36m304 [0m0.301 ms - -[0m
[0mGET /layuiadmin/modules/common.js [36m304 [0m0.328 ms - -[0m
[0mGET /favicon.ico [32m200 [0m0.545 ms - 1150[0m
[0mGET /layuiadmin/modules/common.js [36m304 [0m0.310 ms - -[0m
[0mGET / [32m200 [0m1.604 ms - 6409[0m
[0mGET /layuiadmin/style/admin.css [32m200 [0m0.760 ms - 26159[0m
[0mGET /layuiadmin/layui/layui.js [32m200 [0m0.935 ms - 7395[0m
[0mGET /layuiadmin/layui/css/layui.css [32m200 [0m0.793 ms - 74303[0m
[0mGET /help/index [32m200 [0m1.206 ms - 8341[0m
[0mGET /layuiadmin/lib/index.js [32m200 [0m0.502 ms - 2664[0m
[0mGET /layuiadmin/layui/font/iconfont.woff2?v=256 [32m200 [0m0.467 ms - 25964[0m
[0mGET /layuiadmin/config.js [32m200 [0m0.598 ms - 3805[0m
[0mGET /layuiadmin/style/admin.css [32m200 [0m0.799 ms - 26159[0m
[0mGET /layuiadmin/layui/layui.js [32m200 [0m0.746 ms - 7395[0m
[0mGET /layuiadmin/layui/css/layui.css [32m200 [0m1.753 ms - 74303[0m
[0mGET /layuiadmin/layui/lay/modules/laytpl.js [32m200 [0m0.568 ms - 1836[0m
[0mGET /layuiadmin/lib/index.js [32m200 [0m0.488 ms - 2664[0m
[0mGET /layuiadmin/layui/lay/modules/layer.js [32m200 [0m0.695 ms - 22041[0m
[0mGET /layuiadmin/config.js [32m200 [0m0.844 ms - 3805[0m
[0mGET /layuiadmin/layui/css/modules/layer/default/layer.css?v=3.1.1 [32m200 [0m0.839 ms - 14425[0m
[0mGET /layuiadmin/layui/lay/modules/laytpl.js [32m200 [0m0.766 ms - 1836[0m
[0mGET /layuiadmin/layui/lay/modules/jquery.js [32m200 [0m1.115 ms - 97648[0m
[0mGET /layuiadmin/layui/lay/modules/layer.js [32m200 [0m0.445 ms - 22041[0m
[0mGET /layuiadmin/layui/lay/modules/element.js [32m200 [0m0.550 ms - 7264[0m
[0mGET /layuiadmin/layui/css/modules/layer/default/layer.css?v=3.1.1 [32m200 [0m0.694 ms - 14425[0m
[0mGET /layuiadmin/layui/lay/modules/jquery.js [32m200 [0m0.797 ms - 97648[0m
[0mGET /layuiadmin/layui/lay/modules/util.js [32m200 [0m0.464 ms - 3836[0m
[0mGET /layuiadmin/lib/admin.js [32m200 [0m0.554 ms - 29212[0m
[0mGET /layuiadmin/layui/lay/modules/element.js [32m200 [0m0.546 ms - 7264[0m
[0mGET /layuiadmin/lib/view.js [32m200 [0m0.621 ms - 9958[0m
[0mGET /layuiadmin/layui/lay/modules/util.js [32m200 [0m0.496 ms - 3836[0m
[0mGET /layuiadmin/layui/font/iconfont.woff2?v=256 [32m200 [0m0.528 ms - 25964[0m
[0mGET /layuiadmin/modules/common.js [32m200 [0m0.485 ms - 1009[0m
[0mGET /layuiadmin/lib/admin.js [36m304 [0m0.379 ms - -[0m
[0mGET /layuiadmin/lib/view.js [36m304 [0m0.348 ms - -[0m
[0mGET /favicon.ico [32m200 [0m0.509 ms - 1150[0m
[0mGET /layuiadmin/modules/common.js [36m304 [0m0.369 ms - -[0m
[0mGET /project/list [36m304 [0m1.840 ms - -[0m
[0mGET /layuiadmin/layui/css/layui.css [36m304 [0m0.516 ms - -[0m
[0mGET /layuiadmin/style/admin.css [36m304 [0m0.770 ms - -[0m
[0mGET /stylesheets/custom.css [36m304 [0m1.334 ms - -[0m
[0mGET /javascripts/jquery-3.3.1.min.js [36m304 [0m0.820 ms - -[0m
[0mGET /javascripts/basetable.js [36m304 [0m0.825 ms - -[0m
[0mGET /layuiadmin/layui/layui.js [36m304 [0m0.304 ms - -[0m
[0mGET /layuiadmin/lib/index.js [36m304 [0m0.322 ms - -[0m
[0mGET /layuiadmin/config.js [36m304 [0m0.291 ms - -[0m
[0mGET /layuiadmin/layui/lay/modules/laytpl.js [36m304 [0m0.290 ms - -[0m
[0mGET /layuiadmin/layui/lay/modules/layer.js [36m304 [0m0.288 ms - -[0m
[0mGET /layuiadmin/layui/css/modules/layer/default/layer.css?v=3.1.1 [36m304 [0m0.412 ms - -[0m
[0mGET /layuiadmin/layui/lay/modules/element.js [36m304 [0m0.350 ms - -[0m
[0mGET /layuiadmin/layui/lay/modules/util.js [36m304 [0m0.264 ms - -[0m
[0mGET /layuiadmin/lib/admin.js [36m304 [0m0.293 ms - -[0m
[0mGET /layuiadmin/lib/view.js [36m304 [0m0.271 ms - -[0m
[0mGET /layuiadmin/modules/common.js [36m304 [0m0.282 ms - -[0m
[0mGET /layuiadmin/layui/lay/modules/table.js [36m304 [0m0.240 ms - -[0m
[0mGET /layuiadmin/layui/lay/modules/laypage.js [36m304 [0m0.321 ms - -[0m
[0mGET /layuiadmin/layui/lay/modules/form.js [36m304 [0m0.317 ms - -[0m
[0mGET /project/initData [36m304 [0m3.448 ms - -[0m
[0mGET /base/save?id=1&tableName=project&name=demo&path=E%3A%2Fdemo&host=127.0.0.1&user=root&password=root&kind=1&port=3306&database_=mycrm&url=http%3A%2F%2F127.0.0.1%3A8080%2Fwcb%2Fapi%2F&authToken=0d04e81b-8da6-4eff-a355-aef6c4e4b1ef&user_id=1 [32m200 [0m3.598 ms - 31[0m
åŸºæœ¬ä¿¡æ¯ç¼“å­˜å®Œæ¯•
[0mGET /project/initData [32m200 [0m2.482 ms - 377[0m
[0mGET / [36m304 [0m1.648 ms - -[0m
[0mGET /layuiadmin/layui/css/layui.css [36m304 [0m0.463 ms - -[0m
[0mGET /layuiadmin/style/admin.css [36m304 [0m0.755 ms - -[0m
[0mGET /layuiadmin/layui/layui.js [36m304 [0m0.537 ms - -[0m
[0mGET /help/index [36m304 [0m1.273 ms - -[0m
[0mGET /layuiadmin/lib/index.js [36m304 [0m0.350 ms - -[0m
[0mGET /layuiadmin/layui/font/iconfont.woff2?v=256 [36m304 [0m0.294 ms - -[0m
[0mGET /layuiadmin/config.js [36m304 [0m0.380 ms - -[0m
[0mGET /layuiadmin/layui/css/layui.css [36m304 [0m0.567 ms - -[0m
[0mGET /layuiadmin/style/admin.css [36m304 [0m0.590 ms - -[0m
[0mGET /layuiadmin/layui/layui.js [36m304 [0m0.619 ms - -[0m
[0mGET /layuiadmin/layui/lay/modules/laytpl.js [36m304 [0m0.365 ms - -[0m
[0mGET /layuiadmin/lib/index.js [36m304 [0m0.293 ms - -[0m
[0mGET /layuiadmin/layui/lay/modules/layer.js [36m304 [0m0.341 ms - -[0m
[0mGET /layuiadmin/config.js [36m304 [0m0.352 ms - -[0m
[0mGET /layuiadmin/layui/css/modules/layer/default/layer.css?v=3.1.1 [36m304 [0m0.576 ms - -[0m
[0mGET /layuiadmin/layui/lay/modules/jquery.js [36m304 [0m0.599 ms - -[0m
[0mGET /layuiadmin/layui/lay/modules/laytpl.js [36m304 [0m2.044 ms - -[0m
[0mGET /layuiadmin/layui/lay/modules/layer.js [36m304 [0m0.325 ms - -[0m
[0mGET /layuiadmin/layui/lay/modules/element.js [36m304 [0m0.359 ms - -[0m
[0mGET /layuiadmin/layui/css/modules/layer/default/layer.css?v=3.1.1 [36m304 [0m1.037 ms - -[0m
[0mGET /layuiadmin/layui/lay/modules/jquery.js [36m304 [0m0.459 ms - -[0m
[0mGET /layuiadmin/layui/lay/modules/util.js [36m304 [0m0.305 ms - -[0m
[0mGET /layuiadmin/layui/lay/modules/element.js [36m304 [0m0.301 ms - -[0m
[0mGET /layuiadmin/lib/admin.js [36m304 [0m0.276 ms - -[0m
[0mGET /layuiadmin/layui/lay/modules/util.js [36m304 [0m0.326 ms - -[0m
[0mGET /layuiadmin/lib/view.js [36m304 [0m0.291 ms - -[0m
[0mGET /layuiadmin/lib/admin.js [36m304 [0m0.339 ms - -[0m
[0mGET /layuiadmin/modules/common.js [36m304 [0m0.628 ms - -[0m
[0mGET /layuiadmin/lib/view.js [36m304 [0m0.283 ms - -[0m
[0mGET /favicon.ico [32m200 [0m0.469 ms - 1150[0m
[0mGET /layuiadmin/modules/common.js [36m304 [0m0.311 ms - -[0m
[0mGET /project/list [36m304 [0m1.301 ms - -[0m
[0mGET /layuiadmin/layui/css/layui.css [36m304 [0m0.356 ms - -[0m
[0mGET /layuiadmin/style/admin.css [36m304 [0m0.551 ms - -[0m
[0mGET /stylesheets/custom.css [36m304 [0m0.713 ms - -[0m
[0mGET /javascripts/jquery-3.3.1.min.js [36m304 [0m0.292 ms - -[0m
[0mGET /javascripts/basetable.js [36m304 [0m0.859 ms - -[0m
[0mGET /layuiadmin/layui/layui.js [36m304 [0m1.689 ms - -[0m
[0mGET /layuiadmin/lib/index.js [36m304 [0m0.323 ms - -[0m
[0mGET /layuiadmin/config.js [36m304 [0m0.260 ms - -[0m
[0mGET /layuiadmin/layui/lay/modules/laytpl.js [36m304 [0m0.246 ms - -[0m
[0mGET /layuiadmin/layui/lay/modules/layer.js [36m304 [0m0.268 ms - -[0m
[0mGET /layuiadmin/layui/css/modules/layer/default/layer.css?v=3.1.1 [36m304 [0m0.349 ms - -[0m
[0mGET /layuiadmin/layui/lay/modules/element.js [36m304 [0m0.404 ms - -[0m
[0mGET /layuiadmin/layui/lay/modules/util.js [36m304 [0m0.293 ms - -[0m
[0mGET /layuiadmin/lib/admin.js [36m304 [0m0.295 ms - -[0m
[0mGET /layuiadmin/lib/view.js [36m304 [0m0.334 ms - -[0m
[0mGET /layuiadmin/modules/common.js [36m304 [0m0.304 ms - -[0m
[0mGET /layuiadmin/layui/lay/modules/table.js [36m304 [0m0.307 ms - -[0m
[0mGET /layuiadmin/layui/lay/modules/laypage.js [36m304 [0m0.334 ms - -[0m
[0mGET /layuiadmin/layui/lay/modules/form.js [36m304 [0m0.305 ms - -[0m
[0mGET /project/initData [36m304 [0m2.593 ms - -[0m
[0mGET / [36m304 [0m1.540 ms - -[0m
[0mGET /layuiadmin/layui/css/layui.css [36m304 [0m0.503 ms - -[0m
[0mGET /layuiadmin/style/admin.css [36m304 [0m0.682 ms - -[0m
[0mGET /layuiadmin/layui/layui.js [36m304 [0m0.357 ms - -[0m
[0mGET /help/index [36m304 [0m1.866 ms - -[0m
[0mGET /layuiadmin/layui/font/iconfont.woff2?v=256 [36m304 [0m0.306 ms - -[0m
[0mGET /layuiadmin/lib/index.js [36m304 [0m0.318 ms - -[0m
[0mGET /layuiadmin/layui/css/layui.css [36m304 [0m0.761 ms - -[0m
[0mGET /layuiadmin/style/admin.css [36m304 [0m0.764 ms - -[0m
[0mGET /layuiadmin/layui/layui.js [36m304 [0m0.836 ms - -[0m
[0mGET /layuiadmin/config.js [36m304 [0m0.379 ms - -[0m
[0mGET /layuiadmin/lib/index.js [36m304 [0m0.306 ms - -[0m
[0mGET /layuiadmin/layui/lay/modules/laytpl.js [36m304 [0m0.444 ms - -[0m
[0mGET /layuiadmin/config.js [36m304 [0m0.328 ms - -[0m
[0mGET /layuiadmin/layui/lay/modules/layer.js [36m304 [0m0.377 ms - -[0m
[0mGET /layuiadmin/layui/lay/modules/laytpl.js [36m304 [0m0.373 ms - -[0m
[0mGET /layuiadmin/layui/css/modules/layer/default/layer.css?v=3.1.1 [36m304 [0m0.649 ms - -[0m
[0mGET /layuiadmin/layui/lay/modules/jquery.js [36m304 [0m0.566 ms - -[0m
[0mGET /layuiadmin/layui/lay/modules/layer.js [36m304 [0m0.340 ms - -[0m
[0mGET /layuiadmin/layui/css/modules/layer/default/layer.css?v=3.1.1 [36m304 [0m0.570 ms - -[0m
[0mGET /layuiadmin/layui/lay/modules/jquery.js [36m304 [0m0.590 ms - -[0m
[0mGET /layuiadmin/layui/lay/modules/element.js [36m304 [0m0.365 ms - -[0m
[0mGET /layuiadmin/layui/lay/modules/element.js [36m304 [0m0.329 ms - -[0m
[0mGET /layuiadmin/layui/lay/modules/util.js [36m304 [0m0.273 ms - -[0m
[0mGET /layuiadmin/layui/lay/modules/util.js [36m304 [0m0.294 ms - -[0m
[0mGET /layuiadmin/lib/admin.js [36m304 [0m0.307 ms - -[0m
[0mGET /layuiadmin/lib/admin.js [36m304 [0m0.309 ms - -[0m
[0mGET /layuiadmin/lib/view.js [36m304 [0m0.310 ms - -[0m
[0mGET /layuiadmin/lib/view.js [36m304 [0m0.272 ms - -[0m
[0mGET /layuiadmin/modules/common.js [36m304 [0m0.329 ms - -[0m
[0mGET /layuiadmin/modules/common.js [36m304 [0m0.323 ms - -[0m
[0mGET /favicon.ico [32m200 [0m0.981 ms - 1150[0m
[0mGET /userField/list [32m200 [0m2.308 ms - 19971[0m
[0mGET /layuiadmin/layui/css/layui.css [36m304 [0m0.557 ms - -[0m
[0mGET /layuiadmin/style/admin.css [36m304 [0m0.730 ms - -[0m
[0mGET /javascripts/jquery-3.3.1.min.js [36m304 [0m0.764 ms - -[0m
[0mGET /layuiadmin/layui/layui.js [36m304 [0m0.373 ms - -[0m
[0mGET /javascripts/basetable.js [36m304 [0m0.436 ms - -[0m
[0mGET /layuiadmin/lib/index.js [36m304 [0m0.364 ms - -[0m
[0mGET /layuiadmin/config.js [36m304 [0m0.311 ms - -[0m
[0mGET /layuiadmin/layui/lay/modules/laytpl.js [36m304 [0m0.313 ms - -[0m
[0mGET /layuiadmin/layui/lay/modules/layer.js [36m304 [0m0.286 ms - -[0m
[0mGET /layuiadmin/layui/css/modules/layer/default/layer.css?v=3.1.1 [36m304 [0m0.365 ms - -[0m
[0mGET /layuiadmin/layui/lay/modules/element.js [36m304 [0m0.354 ms - -[0m
[0mGET /layuiadmin/layui/lay/modules/util.js [36m304 [0m0.278 ms - -[0m
[0mGET /layuiadmin/lib/admin.js [36m304 [0m0.299 ms - -[0m
[0mGET /layuiadmin/lib/view.js [36m304 [0m0.284 ms - -[0m
[0mGET /layuiadmin/modules/common.js [36m304 [0m0.291 ms - -[0m
[0mGET /layuiadmin/layui/lay/modules/table.js [36m304 [0m0.262 ms - -[0m
[0mGET /layuiadmin/layui/lay/modules/laypage.js [36m304 [0m0.266 ms - -[0m
[0mGET /layuiadmin/layui/lay/modules/form.js [36m304 [0m0.317 ms - -[0m
[0mGET /layuiadmin/modules/myUtils.js [36m304 [0m0.297 ms - -[0m
[0mGET /dict/searchDict?dictIds=module_id%26module [36m304 [0m2.886 ms - -[0m
[0mGET /getModule [36m304 [0m2.455 ms - -[0m
[32m[2021-04-08T17:45:04.229] [INFO] log - [39må¼‚å¸¸SQLï¼š select id,text from t_data_dict where user_id = 1
[32m[2021-04-08T17:45:04.230] [INFO] log - [39mMySql execute Error:{"code":"ER_NO_SUCH_TABLE","errno":1146,"sqlMessage":"Table 'api.t_data_dict' doesn't exist","sqlState":"42S02","index":0,"sql":"select id,text from t_data_dict where user_id = 1"}
[32m[2021-04-08T17:45:04.230] [INFO] log - [39mError: ER_NO_SUCH_TABLE: Table 'api.t_data_dict' doesn't exist
    at Query.Sequence._packetToError (E:\APIProject\node_modules\mysql\lib\protocol\sequences\Sequence.js:47:14)
    at Query.ErrorPacket (E:\APIProject\node_modules\mysql\lib\protocol\sequences\Query.js:79:18)
    at Protocol._parsePacket (E:\APIProject\node_modules\mysql\lib\protocol\Protocol.js:291:23)
    at Parser._parsePacket (E:\APIProject\node_modules\mysql\lib\protocol\Parser.js:433:10)
    at Parser.write (E:\APIProject\node_modules\mysql\lib\protocol\Parser.js:43:10)
    at Protocol.write (E:\APIProject\node_modules\mysql\lib\protocol\Protocol.js:38:16)
    at Socket.<anonymous> (E:\APIProject\node_modules\mysql\lib\Connection.js:88:28)
    at Socket.<anonymous> (E:\APIProject\node_modules\mysql\lib\Connection.js:526:10)
    at Socket.emit (events.js:311:20)
    at addChunk (_stream_readable.js:294:12)
    --------------------
    at Protocol._enqueue (E:\APIProject\node_modules\mysql\lib\protocol\Protocol.js:144:48)
    at PoolConnection.query (E:\APIProject\node_modules\mysql\lib\Connection.js:198:25)
    at E:\APIProject\utils\mysql.js:22:24
    at Handshake.onConnect (E:\APIProject\node_modules\mysql\lib\Pool.js:64:7)
    at Handshake.<anonymous> (E:\APIProject\node_modules\mysql\lib\Connection.js:526:10)
    at Handshake._callback (E:\APIProject\node_modules\mysql\lib\Connection.js:488:16)
    at Handshake.Sequence.end (E:\APIProject\node_modules\mysql\lib\protocol\sequences\Sequence.js:83:24)
    at Handshake.Sequence.OkPacket (E:\APIProject\node_modules\mysql\lib\protocol\sequences\Sequence.js:92:8)
    at Protocol._parsePacket (E:\APIProject\node_modules\mysql\lib\protocol\Protocol.js:291:23)
    at Parser._parsePacket (E:\APIProject\node_modules\mysql\lib\protocol\Parser.js:433:10) {
  code: 'ER_NO_SUCH_TABLE',
  errno: 1146,
  sqlMessage: "Table 'api.t_data_dict' doesn't exist",
  sqlState: '42S02',
  index: 0,
  sql: 'select id,text from t_data_dict where user_id = 1'
}
[0mGET /getDict [32m200 [0m7.685 ms - 10[0m
[0mGET /base/searchList?page=1&limit=10&tableName=userField [36m304 [0m4.865 ms - -[0m
[0mGET /layuiadmin/layui/css/modules/layer/default/icon.png [36m304 [0m0.347 ms - -[0m
[0mGET /sys/execute?type=1 [36m304 [0m15.528 ms - -[0m
Listening on port 3001
æ¨¡å—é…ç½®ä¿¡æ¯ç¼“å­˜å®Œæ¯•
æ•°æ®åº“é…ç½®ç¼“å­˜å®Œæ¯•
å­—æ®µé…ç½®ç¼“å­˜å®Œæ¯•
åŸºæœ¬ä¿¡æ¯ç¼“å­˜å®Œæ¯•
æ•°æ®å­—å…¸é…ç½®ç¼“å­˜å®Œæ¯•
APIé…ç½®ä¿¡æ¯ç¼“å­˜å®Œæ¯•
[0mGET /admin [36m304 [0m9.336 ms - -[0m
[0mGET /layuiadmin/layui/css/layui.css [36m304 [0m1.097 ms - -[0m
[0mGET /layuiadmin/style/login.css [36m304 [0m0.795 ms - -[0m
[0mGET /layuiadmin/style/admin.css [36m304 [0m0.772 ms - -[0m
[0mGET /layuiadmin/layui/layui.js [36m304 [0m1.632 ms - -[0m
[0mGET /layuiadmin/lib/index.js [36m304 [0m0.501 ms - -[0m
[0mGET /layuiadmin/config.js [36m304 [0m0.360 ms - -[0m
[0mGET /layuiadmin/layui/lay/modules/laytpl.js [36m304 [0m0.358 ms - -[0m
[0mGET /layuiadmin/layui/lay/modules/layer.js [36m304 [0m0.357 ms - -[0m
[0mGET /layuiadmin/layui/css/modules/layer/default/layer.css?v=3.1.1 [36m304 [0m0.721 ms - -[0m
[0mGET /layuiadmin/layui/lay/modules/jquery.js [36m304 [0m0.592 ms - -[0m
[0mGET /layuiadmin/layui/lay/modules/element.js [36m304 [0m0.362 ms - -[0m
[0mGET /layuiadmin/layui/lay/modules/util.js [36m304 [0m0.321 ms - -[0m
[0mGET /layuiadmin/lib/admin.js [36m304 [0m0.404 ms - -[0m
[0mGET /layuiadmin/lib/view.js [36m304 [0m0.318 ms - -[0m
[0mGET /layuiadmin/modules/common.js [36m304 [0m0.315 ms - -[0m
[0mGET /layuiadmin/modules/user.js [36m304 [0m0.367 ms - -[0m
[0mGET /layuiadmin/layui/lay/modules/form.js [36m304 [0m0.380 ms - -[0m
[0mGET /admin/login?account=admin&password=1 [36m304 [0m3.126 ms - -[0m
[0mGET / [36m304 [0m2.783 ms - -[0m
[0mGET /layuiadmin/layui/css/layui.css [36m304 [0m0.789 ms - -[0m
[0mGET /layuiadmin/style/admin.css [36m304 [0m0.731 ms - -[0m
[0mGET /layuiadmin/layui/layui.js [36m304 [0m0.812 ms - -[0m
[0mGET /help/index [36m304 [0m1.717 ms - -[0m
[0mGET /layuiadmin/lib/index.js [36m304 [0m0.512 ms - -[0m
[0mGET /layuiadmin/config.js [36m304 [0m0.322 ms - -[0m
[0mGET /layuiadmin/layui/css/layui.css [36m304 [0m0.437 ms - -[0m
[0mGET /layuiadmin/style/admin.css [36m304 [0m0.479 ms - -[0m
[0mGET /layuiadmin/layui/layui.js [36m304 [0m0.364 ms - -[0m
[0mGET /layuiadmin/lib/index.js [36m304 [0m0.305 ms - -[0m
[0mGET /layuiadmin/layui/lay/modules/laytpl.js [36m304 [0m0.378 ms - -[0m
[0mGET /layuiadmin/config.js [36m304 [0m0.354 ms - -[0m
[0mGET /layuiadmin/layui/lay/modules/layer.js [36m304 [0m0.338 ms - -[0m
[0mGET /layuiadmin/layui/lay/modules/laytpl.js [36m304 [0m0.350 ms - -[0m
[0mGET /layuiadmin/layui/css/modules/layer/default/layer.css?v=3.1.1 [36m304 [0m0.522 ms - -[0m
[0mGET /layuiadmin/layui/lay/modules/jquery.js [36m304 [0m0.509 ms - -[0m
[0mGET /layuiadmin/layui/lay/modules/layer.js [36m304 [0m0.274 ms - -[0m
[0mGET /layuiadmin/layui/css/modules/layer/default/layer.css?v=3.1.1 [36m304 [0m0.628 ms - -[0m
[0mGET /layuiadmin/layui/lay/modules/jquery.js [36m304 [0m0.601 ms - -[0m
[0mGET /layuiadmin/layui/lay/modules/element.js [36m304 [0m0.284 ms - -[0m
[0mGET /layuiadmin/layui/lay/modules/element.js [36m304 [0m0.337 ms - -[0m
[0mGET /layuiadmin/layui/lay/modules/util.js [36m304 [0m0.354 ms - -[0m
[0mGET /layuiadmin/layui/lay/modules/util.js [36m304 [0m0.488 ms - -[0m
[0mGET /layuiadmin/lib/admin.js [36m304 [0m0.309 ms - -[0m
[0mGET /layuiadmin/lib/admin.js [36m304 [0m0.341 ms - -[0m
[0mGET /layuiadmin/lib/view.js [36m304 [0m0.303 ms - -[0m
[0mGET /layuiadmin/lib/view.js [36m304 [0m0.370 ms - -[0m
[0mGET /layuiadmin/modules/common.js [36m304 [0m0.308 ms - -[0m
[0mGET /layuiadmin/modules/common.js [36m304 [0m0.366 ms - -[0m
[0mGET /userField/list [36m304 [0m4.682 ms - -[0m
[0mGET /layuiadmin/layui/css/layui.css [36m304 [0m0.728 ms - -[0m
[0mGET /layuiadmin/style/admin.css [36m304 [0m0.772 ms - -[0m
[0mGET /javascripts/jquery-3.3.1.min.js [36m304 [0m1.607 ms - -[0m
[0mGET /javascripts/basetable.js [36m304 [0m0.841 ms - -[0m
[0mGET /layuiadmin/layui/layui.js [36m304 [0m0.786 ms - -[0m
[0mGET /layuiadmin/lib/index.js [36m304 [0m0.256 ms - -[0m
[0mGET /layuiadmin/config.js [36m304 [0m0.339 ms - -[0m
[0mGET /layuiadmin/layui/lay/modules/laytpl.js [36m304 [0m0.315 ms - -[0m
[0mGET /layuiadmin/layui/lay/modules/layer.js [36m304 [0m0.301 ms - -[0m
[0mGET /layuiadmin/layui/css/modules/layer/default/layer.css?v=3.1.1 [36m304 [0m0.423 ms - -[0m
[0mGET /layuiadmin/layui/lay/modules/element.js [36m304 [0m0.272 ms - -[0m
[0mGET /layuiadmin/layui/lay/modules/util.js [36m304 [0m0.342 ms - -[0m
[0mGET /layuiadmin/lib/admin.js [36m304 [0m0.260 ms - -[0m
[0mGET /layuiadmin/lib/view.js [36m304 [0m0.260 ms - -[0m
[0mGET /layuiadmin/modules/common.js [36m304 [0m0.469 ms - -[0m
[0mGET /layuiadmin/layui/lay/modules/table.js [36m304 [0m0.476 ms - -[0m
[0mGET /layuiadmin/layui/lay/modules/laypage.js [36m304 [0m0.373 ms - -[0m
[0mGET /layuiadmin/layui/lay/modules/form.js [36m304 [0m0.287 ms - -[0m
[0mGET /layuiadmin/modules/myUtils.js [36m304 [0m1.087 ms - -[0m
[0mGET /dict/searchDict?dictIds=module_id%26module [36m304 [0m2.849 ms - -[0m
[0mGET /getModule [36m304 [0m2.538 ms - -[0m
[32m[2021-04-08T17:45:20.490] [INFO] log - [39må¼‚å¸¸SQLï¼š select id,text from t_data_dict where user_id = 1
[32m[2021-04-08T17:45:20.491] [INFO] log - [39mMySql execute Error:{"code":"ER_NO_SUCH_TABLE","errno":1146,"sqlMessage":"Table 'api.t_data_dict' doesn't exist","sqlState":"42S02","index":0,"sql":"select id,text from t_data_dict where user_id = 1"}
[32m[2021-04-08T17:45:20.491] [INFO] log - [39mError: ER_NO_SUCH_TABLE: Table 'api.t_data_dict' doesn't exist
    at Query.Sequence._packetToError (E:\APIProject\node_modules\mysql\lib\protocol\sequences\Sequence.js:47:14)
    at Query.ErrorPacket (E:\APIProject\node_modules\mysql\lib\protocol\sequences\Query.js:79:18)
    at Protocol._parsePacket (E:\APIProject\node_modules\mysql\lib\protocol\Protocol.js:291:23)
    at Parser._parsePacket (E:\APIProject\node_modules\mysql\lib\protocol\Parser.js:433:10)
    at Parser.write (E:\APIProject\node_modules\mysql\lib\protocol\Parser.js:43:10)
    at Protocol.write (E:\APIProject\node_modules\mysql\lib\protocol\Protocol.js:38:16)
    at Socket.<anonymous> (E:\APIProject\node_modules\mysql\lib\Connection.js:88:28)
    at Socket.<anonymous> (E:\APIProject\node_modules\mysql\lib\Connection.js:526:10)
    at Socket.emit (events.js:311:20)
    at addChunk (_stream_readable.js:294:12)
    --------------------
    at Protocol._enqueue (E:\APIProject\node_modules\mysql\lib\protocol\Protocol.js:144:48)
    at PoolConnection.query (E:\APIProject\node_modules\mysql\lib\Connection.js:198:25)
    at E:\APIProject\utils\mysql.js:22:24
    at Handshake.onConnect (E:\APIProject\node_modules\mysql\lib\Pool.js:64:7)
    at Handshake.<anonymous> (E:\APIProject\node_modules\mysql\lib\Connection.js:526:10)
    at Handshake._callback (E:\APIProject\node_modules\mysql\lib\Connection.js:488:16)
    at Handshake.Sequence.end (E:\APIProject\node_modules\mysql\lib\protocol\sequences\Sequence.js:83:24)
    at Handshake.Sequence.OkPacket (E:\APIProject\node_modules\mysql\lib\protocol\sequences\Sequence.js:92:8)
    at Protocol._parsePacket (E:\APIProject\node_modules\mysql\lib\protocol\Protocol.js:291:23)
    at Parser._parsePacket (E:\APIProject\node_modules\mysql\lib\protocol\Parser.js:433:10) {
  code: 'ER_NO_SUCH_TABLE',
  errno: 1146,
  sqlMessage: "Table 'api.t_data_dict' doesn't exist",
  sqlState: '42S02',
  index: 0,
  sql: 'select id,text from t_data_dict where user_id = 1'
}
[0mGET /getDict [36m304 [0m4.790 ms - -[0m
[0mGET /base/searchList?page=1&limit=10&tableName=userField [36m304 [0m5.759 ms - -[0m
